#
# There is insufficient memory for the Java Runtime Environment to continue.
# Native memory allocation (mmap) failed to map 65011712 bytes for committing reserved memory.
# Possible reasons:
#   The system is out of physical RAM or swap space
#   In 32 bit mode, the process size limit was hit
# Possible solutions:
#   Reduce memory load on the system
#   Increase physical memory or swap space
#   Check if swap backing store is full
#   Use 64 bit Java on a 64 bit OS
#   Decrease Java heap size (-Xmx/-Xms)
#   Decrease number of Java threads
#   Decrease Java thread stack sizes (-Xss)
#   Set larger code cache with -XX:ReservedCodeCacheSize=
# This output file may be truncated or incomplete.
#
#  Out of Memory Error (os_linux.cpp:2640), pid=9602, tid=0x00007ff9785f5700
#
# JRE version: OpenJDK Runtime Environment (8.0_152-b01) (build 1.8.0_152-release-1024-b01)
# Java VM: OpenJDK 64-Bit Server VM (25.152-b01 mixed mode linux-amd64 compressed oops)
# Failed to write core dump. Core dumps have been disabled. To enable core dumping, try "ulimit -c unlimited" before starting Java again
#

---------------  T H R E A D  ---------------

Current thread (0x00007ff988078000):  VMThread [stack: 0x00007ff9784f5000,0x00007ff9785f6000] [id=9611]

Stack: [0x00007ff9784f5000,0x00007ff9785f6000],  sp=0x00007ff9785f44c0,  free space=1021k
Native frames: (J=compiled Java code, j=interpreted, Vv=VM code, C=native code)
V  [libjvm.so+0x9ed02d]  VMError::report_and_die()+0x15d
V  [libjvm.so+0x4b99fa]  report_vm_out_of_memory(char const*, int, unsigned long, VMErrorType, char const*)+0x8a
V  [libjvm.so+0x852c20]  os::pd_commit_memory(char*, unsigned long, unsigned long, bool)+0xf0
V  [libjvm.so+0x84d72f]  os::commit_memory(char*, unsigned long, unsigned long, bool)+0x1f
V  [libjvm.so+0x8c448b]  PSVirtualSpace::expand_by(unsigned long)+0x5b
V  [libjvm.so+0x8c5100]  PSYoungGen::resize_generation(unsigned long, unsigned long)+0xb0
V  [libjvm.so+0x8c541b]  PSYoungGen::resize(unsigned long, unsigned long)+0x1b
V  [libjvm.so+0x8c1b0c]  PSScavenge::invoke_no_policy()+0xdac
V  [libjvm.so+0x8c22e8]  PSScavenge::invoke()+0x38
V  [libjvm.so+0x876633]  ParallelScavengeHeap::failed_mem_allocate(unsigned long)+0x63
V  [libjvm.so+0x9eeb54]  VM_ParallelGCFailedAllocation::doit()+0x84
V  [libjvm.so+0x9f3067]  VM_Operation::evaluate()+0x47
V  [libjvm.so+0x9f1a48]  VMThread::evaluate_operation(VM_Operation*)+0x2c8
V  [libjvm.so+0x9f1ec9]  VMThread::loop()+0x219
V  [libjvm.so+0x9f2312]  VMThread::run()+0x72
V  [libjvm.so+0x850032]  java_start(Thread*)+0xf2

VM_Operation (0x00007ff9337f4320): ParallelGCFailedAllocation, mode: safepoint, requested by thread 0x00007ff91c12b800


---------------  P R O C E S S  ---------------

Java Threads: ( => current thread )
  0x00007ff91c25e000 JavaThread "Cache worker for file hash cache (/home/gyubeom/workspace/webappTest/.gradle/4.4/fileHashes)" [_thread_blocked, id=9632, stack(0x00007ff9332f7000,0x00007ff9333f8000)]
  0x00007ff91c189000 JavaThread "File lock request listener" [_thread_in_native, id=9631, stack(0x00007ff9335f8000,0x00007ff9336f9000)]
  0x00007ff91c12b800 JavaThread "Cache worker for file hash cache (/home/gyubeom/.gradle/caches/4.4/fileHashes)" [_thread_blocked, id=9630, stack(0x00007ff9336f9000,0x00007ff9337fa000)]
  0x00007ff91c010000 JavaThread "Stdin handler" [_thread_blocked, id=9629, stack(0x00007ff9337fa000,0x00007ff9338fb000)]
  0x00007ff91c015000 JavaThread "Asynchronous log dispatcher for DefaultDaemonConnection: socket connection from /127.0.0.1:41685 to /127.0.0.1:35616" [_thread_blocked, id=9628, stack(0x00007ff9338fb000,0x00007ff9339fc000)]
  0x00007ff92c008800 JavaThread "Daemon worker" [_thread_blocked, id=9625, stack(0x00007ff933bfc000,0x00007ff933cfd000)]
  0x00007ff92c00b000 JavaThread "Cancel handler" [_thread_blocked, id=9624, stack(0x00007ff933cfd000,0x00007ff933dfe000)]
  0x00007ff92c005800 JavaThread "Handler for socket connection from /127.0.0.1:41685 to /127.0.0.1:35616" [_thread_in_native, id=9623, stack(0x00007ff933dfe000,0x00007ff933eff000)]
  0x00007ff93401d000 JavaThread "Daemon" [_thread_blocked, id=9622, stack(0x00007ff933eff000,0x00007ff934000000)]
  0x00007ff988dd5000 JavaThread "Daemon periodic checks" [_thread_blocked, id=9621, stack(0x00007ff968073000,0x00007ff968174000)]
  0x00007ff988db9800 JavaThread "Incoming local TCP Connector on port 41685" [_thread_in_native, id=9620, stack(0x00007ff96817b000,0x00007ff96827c000)]
  0x00007ff9880c1000 JavaThread "Service Thread" daemon [_thread_blocked, id=9618, stack(0x00007ff9708e5000,0x00007ff9709e6000)]
  0x00007ff9880be800 JavaThread "C1 CompilerThread2" daemon [_thread_blocked, id=9617, stack(0x00007ff9709e6000,0x00007ff970ae7000)]
  0x00007ff9880bc800 JavaThread "C2 CompilerThread1" daemon [_thread_in_native, id=9616, stack(0x00007ff970ae7000,0x00007ff970be8000)]
  0x00007ff9880b9800 JavaThread "C2 CompilerThread0" daemon [_thread_blocked, id=9615, stack(0x00007ff9780f1000,0x00007ff9781f2000)]
  0x00007ff9880b8000 JavaThread "Signal Dispatcher" daemon [_thread_blocked, id=9614, stack(0x00007ff9781f2000,0x00007ff9782f3000)]
  0x00007ff988084800 JavaThread "Finalizer" daemon [_thread_blocked, id=9613, stack(0x00007ff9782f3000,0x00007ff9783f4000)]
  0x00007ff988080000 JavaThread "Reference Handler" daemon [_thread_blocked, id=9612, stack(0x00007ff9783f4000,0x00007ff9784f5000)]
  0x00007ff98800a800 JavaThread "main" [_thread_blocked, id=9605, stack(0x00007ff990d9c000,0x00007ff990e9d000)]

Other Threads:
=>0x00007ff988078000 VMThread [stack: 0x00007ff9784f5000,0x00007ff9785f6000] [id=9611]
  0x00007ff9880c3800 WatcherThread [stack: 0x00007ff9707e4000,0x00007ff9708e5000] [id=9619]

VM state:at safepoint (normal execution)

VM Mutex/Monitor currently owned by a thread:  ([mutex/lock_event])
[0x00007ff988006ff0] Threads_lock - owner thread: 0x00007ff988078000
[0x00007ff9880074f0] Heap_lock - owner thread: 0x00007ff91c12b800

Heap:
 PSYoungGen      total 68608K, used 5088K [0x00000000e0000000, 0x00000000e4800000, 0x0000000100000000)
  eden space 63488K, 0% used [0x00000000e0000000,0x00000000e0000000,0x00000000e3e00000)
  from space 5120K, 99% used [0x00000000e3e00000,0x00000000e42f8010,0x00000000e4300000)
  to   space 5120K, 0% used [0x00000000e4300000,0x00000000e4300000,0x00000000e4800000)
 ParOldGen       total 84992K, used 5470K [0x00000000a0000000, 0x00000000a5300000, 0x00000000e0000000)
  object space 84992K, 6% used [0x00000000a0000000,0x00000000a0557a18,0x00000000a5300000)
 Metaspace       used 16806K, capacity 17132K, committed 17408K, reserved 1064960K
  class space    used 2429K, capacity 2542K, committed 2560K, reserved 1048576K

Card table byte_map: [0x00007ff98d924000,0x00007ff98dc25000] byte_map_base: 0x00007ff98d424000

Marking Bits: (ParMarkBitMap*) 0x00007ff99026d440
 Begin Bits: [0x00007ff971000000, 0x00007ff972800000)
 End Bits:   [0x00007ff972800000, 0x00007ff974000000)

Polling page: 0x00007ff990ec1000

CodeCache: size=245760Kb used=4547Kb max_used=4547Kb free=241212Kb
 bounds [0x00007ff979000000, 0x00007ff979480000, 0x00007ff988000000]
 total_blobs=1760 nmethods=1394 adapters=281
 compilation: enabled

Compilation events (10 events):
Event: 2.272 Thread 0x00007ff9880be800 1396       3       java.lang.Exception::<init> (6 bytes)
Event: 2.273 Thread 0x00007ff9880be800 nmethod 1396 0x00007ff97946cfd0 code [0x00007ff97946d160, 0x00007ff97946d748]
Event: 2.283 Thread 0x00007ff9880be800 1398       3       java.util.IdentityHashMap::get (60 bytes)
Event: 2.284 Thread 0x00007ff9880be800 nmethod 1398 0x00007ff97946ddd0 code [0x00007ff97946df80, 0x00007ff97946e428]
Event: 2.284 Thread 0x00007ff9880be800 1397   !   3       org.gradle.internal.service.DefaultServiceRegistry::doGet (102 bytes)
Event: 2.285 Thread 0x00007ff9880be800 nmethod 1397 0x00007ff97946e650 code [0x00007ff97946e940, 0x00007ff97946ff78]
Event: 2.304 Thread 0x00007ff9880be800 1399       3       java.io.File::getName (42 bytes)
Event: 2.306 Thread 0x00007ff9880be800 nmethod 1399 0x00007ff979471050 code [0x00007ff9794711e0, 0x00007ff9794716a8]
Event: 2.311 Thread 0x00007ff9880be800 1400       3       java.io.UnixFileSystem::parentOrNull (118 bytes)
Event: 2.312 Thread 0x00007ff9880be800 nmethod 1400 0x00007ff979472250 code [0x00007ff979472440, 0x00007ff979472ee8]

GC Heap History (5 events):
Event: 0.715 GC heap before
{Heap before GC invocations=1 (full 0):
 PSYoungGen      total 36864K, used 31744K [0x00000000e0000000, 0x00000000e2900000, 0x0000000100000000)
  eden space 31744K, 100% used [0x00000000e0000000,0x00000000e1f00000,0x00000000e1f00000)
  from space 5120K, 0% used [0x00000000e2400000,0x00000000e2400000,0x00000000e2900000)
  to   space 5120K, 0% used [0x00000000e1f00000,0x00000000e1f00000,0x00000000e2400000)
 ParOldGen       total 84992K, used 0K [0x00000000a0000000, 0x00000000a5300000, 0x00000000e0000000)
  object space 84992K, 0% used [0x00000000a0000000,0x00000000a0000000,0x00000000a5300000)
 Metaspace       used 6460K, capacity 6638K, committed 6784K, reserved 1056768K
  class space    used 794K, capacity 875K, committed 896K, reserved 1048576K
Event: 0.723 GC heap after
Heap after GC invocations=1 (full 0):
 PSYoungGen      total 36864K, used 4024K [0x00000000e0000000, 0x00000000e4800000, 0x0000000100000000)
  eden space 31744K, 0% used [0x00000000e0000000,0x00000000e0000000,0x00000000e1f00000)
  from space 5120K, 78% used [0x00000000e1f00000,0x00000000e22ee068,0x00000000e2400000)
  to   space 5120K, 0% used [0x00000000e4300000,0x00000000e4300000,0x00000000e4800000)
 ParOldGen       total 84992K, used 8K [0x00000000a0000000, 0x00000000a5300000, 0x00000000e0000000)
  object space 84992K, 0% used [0x00000000a0000000,0x00000000a0002000,0x00000000a5300000)
 Metaspace       used 6460K, capacity 6638K, committed 6784K, reserved 1056768K
  class space    used 794K, capacity 875K, committed 896K, reserved 1048576K
}
Event: 1.211 GC heap before
{Heap before GC invocations=2 (full 0):
 PSYoungGen      total 36864K, used 35768K [0x00000000e0000000, 0x00000000e4800000, 0x0000000100000000)
  eden space 31744K, 100% used [0x00000000e0000000,0x00000000e1f00000,0x00000000e1f00000)
  from space 5120K, 78% used [0x00000000e1f00000,0x00000000e22ee068,0x00000000e2400000)
  to   space 5120K, 0% used [0x00000000e4300000,0x00000000e4300000,0x00000000e4800000)
 ParOldGen       total 84992K, used 8K [0x00000000a0000000, 0x00000000a5300000, 0x00000000e0000000)
  object space 84992K, 0% used [0x00000000a0000000,0x00000000a0002000,0x00000000a5300000)
 Metaspace       used 10570K, capacity 10824K, committed 11008K, reserved 1058816K
  class space    used 1418K, capacity 1518K, committed 1536K, reserved 1048576K
Event: 1.234 GC heap after
Heap after GC invocations=2 (full 0):
 PSYoungGen      total 68608K, used 5098K [0x00000000e0000000, 0x00000000e4800000, 0x0000000100000000)
  eden space 63488K, 0% used [0x00000000e0000000,0x00000000e0000000,0x00000000e3e00000)
  from space 5120K, 99% used [0x00000000e4300000,0x00000000e47faa40,0x00000000e4800000)
  to   space 5120K, 0% used [0x00000000e3e00000,0x00000000e3e00000,0x00000000e4300000)
 ParOldGen       total 84992K, used 139K [0x00000000a0000000, 0x00000000a5300000, 0x00000000e0000000)
  object space 84992K, 0% used [0x00000000a0000000,0x00000000a0022f70,0x00000000a5300000)
 Metaspace       used 10570K, capacity 10824K, committed 11008K, reserved 1058816K
  class space    used 1418K, capacity 1518K, committed 1536K, reserved 1048576K
}
Event: 2.365 GC heap before
{Heap before GC invocations=3 (full 0):
 PSYoungGen      total 68608K, used 68586K [0x00000000e0000000, 0x00000000e4800000, 0x0000000100000000)
  eden space 63488K, 100% used [0x00000000e0000000,0x00000000e3e00000,0x00000000e3e00000)
  from space 5120K, 99% used [0x00000000e4300000,0x00000000e47faa40,0x00000000e4800000)
  to   space 5120K, 0% used [0x00000000e3e00000,0x00000000e3e00000,0x00000000e4300000)
 ParOldGen       total 84992K, used 139K [0x00000000a0000000, 0x00000000a5300000, 0x00000000e0000000)
  object space 84992K, 0% used [0x00000000a0000000,0x00000000a0022f70,0x00000000a5300000)
 Metaspace       used 16806K, capacity 17132K, committed 17408K, reserved 1064960K
  class space    used 2429K, capacity 2542K, committed 2560K, reserved 1048576K

Deoptimization events (10 events):
Event: 0.889 Thread 0x00007ff98800a800 Uncommon trap: reason=bimorphic action=maybe_recompile pc=0x00007ff979269428 method=java.util.HashMap.putVal(ILjava/lang/Object;Ljava/lang/Object;ZZ)Ljava/lang/Object; @ 91
Event: 0.889 Thread 0x00007ff98800a800 Uncommon trap: reason=bimorphic action=maybe_recompile pc=0x00007ff979269428 method=java.util.HashMap.putVal(ILjava/lang/Object;Ljava/lang/Object;ZZ)Ljava/lang/Object; @ 91
Event: 0.940 Thread 0x00007ff98800a800 Uncommon trap: reason=unstable_if action=reinterpret pc=0x00007ff97925cca4 method=java.lang.ThreadLocal$ThreadLocalMap.getEntry(Ljava/lang/ThreadLocal;)Ljava/lang/ThreadLocal$ThreadLocalMap$Entry; @ 21
Event: 1.066 Thread 0x00007ff98800a800 Uncommon trap: reason=bimorphic action=maybe_recompile pc=0x00007ff9792e16b4 method=java.util.HashMap.putVal(ILjava/lang/Object;Ljava/lang/Object;ZZ)Ljava/lang/Object; @ 203
Event: 1.325 Thread 0x00007ff92c005800 Uncommon trap: reason=unstable_if action=reinterpret pc=0x00007ff979341ed0 method=java.util.concurrent.ConcurrentHashMap.putVal(Ljava/lang/Object;Ljava/lang/Object;Z)Ljava/lang/Object; @ 206
Event: 1.452 Thread 0x00007ff92c008800 Uncommon trap: reason=bimorphic action=maybe_recompile pc=0x00007ff9792e16b4 method=java.util.HashMap.putVal(ILjava/lang/Object;Ljava/lang/Object;ZZ)Ljava/lang/Object; @ 203
Event: 1.468 Thread 0x00007ff92c008800 Uncommon trap: reason=class_check action=maybe_recompile pc=0x00007ff9792537c4 method=java.util.regex.Matcher.match(II)Z @ 86
Event: 1.773 Thread 0x00007ff92c008800 Uncommon trap: reason=class_check action=maybe_recompile pc=0x00007ff9792537c4 method=java.util.regex.Matcher.match(II)Z @ 86
Event: 1.841 Thread 0x00007ff92c008800 Uncommon trap: reason=unstable_if action=reinterpret pc=0x00007ff9793d2254 method=java.lang.String.lastIndexOf([CII[CIII)I @ 66
Event: 2.246 Thread 0x00007ff92c008800 Uncommon trap: reason=unstable_if action=reinterpret pc=0x00007ff979274fa8 method=java.io.File.getName()Ljava/lang/String; @ 16

Classes redefined (0 events):
No events

Internal exceptions (10 events):
Event: 1.385 Thread 0x00007ff92c005800 Exception <a 'java/lang/NoSuchMethodError': <clinit>> (0x00000000e02c2ce0) thrown at [/usr/local/google/home/ralucas/source/AOSP-openjdk-git/jdk8u/hotspot/src/share/vm/prims/jni.cpp, line 1613]
Event: 1.391 Thread 0x00007ff92c005800 Exception <a 'java/lang/NoSuchMethodError': <clinit>> (0x00000000e02ef1e0) thrown at [/usr/local/google/home/ralucas/source/AOSP-openjdk-git/jdk8u/hotspot/src/share/vm/prims/jni.cpp, line 1613]
Event: 1.396 Thread 0x00007ff92c005800 Exception <a 'java/lang/NoSuchMethodError': <clinit>> (0x00000000e02fcd40) thrown at [/usr/local/google/home/ralucas/source/AOSP-openjdk-git/jdk8u/hotspot/src/share/vm/prims/jni.cpp, line 1613]
Event: 1.402 Thread 0x00007ff92c005800 Exception <a 'java/lang/NoSuchMethodError': <clinit>> (0x00000000e0323988) thrown at [/usr/local/google/home/ralucas/source/AOSP-openjdk-git/jdk8u/hotspot/src/share/vm/prims/jni.cpp, line 1613]
Event: 1.421 Thread 0x00007ff92c008800 Exception <a 'java/lang/NoSuchMethodError': <clinit>> (0x00000000e04ee3a8) thrown at [/usr/local/google/home/ralucas/source/AOSP-openjdk-git/jdk8u/hotspot/src/share/vm/prims/jni.cpp, line 1613]
Event: 1.422 Thread 0x00007ff92c008800 Exception <a 'java/lang/NoSuchMethodError': <clinit>> (0x00000000e04f6630) thrown at [/usr/local/google/home/ralucas/source/AOSP-openjdk-git/jdk8u/hotspot/src/share/vm/prims/jni.cpp, line 1613]
Event: 2.267 Thread 0x00007ff92c008800 Exception <a 'java/lang/NoSuchMethodError': <clinit>> (0x00000000e3ad1620) thrown at [/usr/local/google/home/ralucas/source/AOSP-openjdk-git/jdk8u/hotspot/src/share/vm/prims/jni.cpp, line 1613]
Event: 2.272 Thread 0x00007ff92c008800 Exception <a 'java/lang/NoSuchMethodError': <clinit>> (0x00000000e3ad3fd8) thrown at [/usr/local/google/home/ralucas/source/AOSP-openjdk-git/jdk8u/hotspot/src/share/vm/prims/jni.cpp, line 1613]
Event: 2.272 Thread 0x00007ff92c008800 Exception <a 'java/lang/NoSuchMethodError': <clinit>> (0x00000000e3ae15c8) thrown at [/usr/local/google/home/ralucas/source/AOSP-openjdk-git/jdk8u/hotspot/src/share/vm/prims/jni.cpp, line 1613]
Event: 2.274 Thread 0x00007ff92c008800 Exception <a 'java/lang/NoSuchMethodError': <clinit>> (0x00000000e3aecd48) thrown at [/usr/local/google/home/ralucas/source/AOSP-openjdk-git/jdk8u/hotspot/src/share/vm/prims/jni.cpp, line 1613]

Events (10 events):
Event: 2.362 loading class org/gradle/cache/internal/btree/ByteOutput$ResettableBufferedOutputStream done
Event: 2.363 Executing VM operation: Deoptimize
Event: 2.363 Executing VM operation: Deoptimize done
Event: 2.363 loading class com/google/common/io/CountingOutputStream
Event: 2.363 loading class com/google/common/io/CountingOutputStream done
Event: 2.363 loading class org/gradle/cache/internal/btree/ByteInput
Event: 2.363 loading class org/gradle/cache/internal/btree/ByteInput done
Event: 2.364 loading class org/gradle/cache/internal/btree/ByteInput$ResettableBufferedInputStream
Event: 2.364 loading class org/gradle/cache/internal/btree/ByteInput$ResettableBufferedInputStream done
Event: 2.364 Executing VM operation: ParallelGCFailedAllocation


Dynamic libraries:
00400000-00401000 r-xp 00000000 08:07 787003                             /home/gyubeom/Downloads/android-studio/jre/bin/java
00600000-00601000 r--p 00000000 08:07 787003                             /home/gyubeom/Downloads/android-studio/jre/bin/java
00601000-00602000 rw-p 00001000 08:07 787003                             /home/gyubeom/Downloads/android-studio/jre/bin/java
0159f000-015c0000 rw-p 00000000 00:00 0                                  [heap]
a0000000-a5300000 rw-p 00000000 00:00 0 
a5300000-e0000000 ---p 00000000 00:00 0 
e0000000-e4800000 rw-p 00000000 00:00 0 
e8600000-100000000 ---p 00000000 00:00 0 
100000000-100280000 rw-p 00000000 00:00 0 
100280000-140000000 ---p 00000000 00:00 0 
7ff90c000000-7ff90c021000 rw-p 00000000 00:00 0 
7ff90c021000-7ff910000000 ---p 00000000 00:00 0 
7ff910000000-7ff910021000 rw-p 00000000 00:00 0 
7ff910021000-7ff914000000 ---p 00000000 00:00 0 
7ff914000000-7ff914021000 rw-p 00000000 00:00 0 
7ff914021000-7ff918000000 ---p 00000000 00:00 0 
7ff918000000-7ff918081000 rw-p 00000000 00:00 0 
7ff918081000-7ff91c000000 ---p 00000000 00:00 0 
7ff91c000000-7ff91c797000 rw-p 00000000 00:00 0 
7ff91c797000-7ff920000000 ---p 00000000 00:00 0 
7ff920000000-7ff920021000 rw-p 00000000 00:00 0 
7ff920021000-7ff924000000 ---p 00000000 00:00 0 
7ff924000000-7ff924026000 rw-p 00000000 00:00 0 
7ff924026000-7ff928000000 ---p 00000000 00:00 0 
7ff928000000-7ff928021000 rw-p 00000000 00:00 0 
7ff928021000-7ff92c000000 ---p 00000000 00:00 0 
7ff92c000000-7ff92c021000 rw-p 00000000 00:00 0 
7ff92c021000-7ff930000000 ---p 00000000 00:00 0 
7ff932e4b000-7ff9330fe000 rw-p 00000000 00:00 0 
7ff9330fe000-7ff93327e000 ---p 00000000 00:00 0 
7ff93327e000-7ff9332f7000 r--s 010fd000 08:07 786997                     /home/gyubeom/Downloads/android-studio/jre/lib/tools.jar
7ff9332f7000-7ff9332fa000 ---p 00000000 00:00 0 
7ff9332fa000-7ff9335f8000 rw-p 00000000 00:00 0 
7ff9335f8000-7ff9335fb000 ---p 00000000 00:00 0 
7ff9335fb000-7ff9336f9000 rw-p 00000000 00:00 0 
7ff9336f9000-7ff9336fc000 ---p 00000000 00:00 0 
7ff9336fc000-7ff9337fa000 rw-p 00000000 00:00 0 
7ff9337fa000-7ff9337fd000 ---p 00000000 00:00 0 
7ff9337fd000-7ff9338fb000 rw-p 00000000 00:00 0 
7ff9338fb000-7ff9338fe000 ---p 00000000 00:00 0 
7ff9338fe000-7ff933bfc000 rw-p 00000000 00:00 0 
7ff933bfc000-7ff933bff000 ---p 00000000 00:00 0 
7ff933bff000-7ff933cfd000 rw-p 00000000 00:00 0 
7ff933cfd000-7ff933d00000 ---p 00000000 00:00 0 
7ff933d00000-7ff933dfe000 rw-p 00000000 00:00 0 
7ff933dfe000-7ff933e01000 ---p 00000000 00:00 0 
7ff933e01000-7ff933eff000 rw-p 00000000 00:00 0 
7ff933eff000-7ff933f02000 ---p 00000000 00:00 0 
7ff933f02000-7ff934000000 rw-p 00000000 00:00 0 
7ff934000000-7ff934078000 rw-p 00000000 00:00 0 
7ff934078000-7ff938000000 ---p 00000000 00:00 0 
7ff938000000-7ff938021000 rw-p 00000000 00:00 0 
7ff938021000-7ff93c000000 ---p 00000000 00:00 0 
7ff93c000000-7ff93c021000 rw-p 00000000 00:00 0 
7ff93c021000-7ff940000000 ---p 00000000 00:00 0 
7ff940000000-7ff940021000 rw-p 00000000 00:00 0 
7ff940021000-7ff944000000 ---p 00000000 00:00 0 
7ff944000000-7ff94533d000 rw-p 00000000 00:00 0 
7ff94533d000-7ff948000000 ---p 00000000 00:00 0 
7ff948000000-7ff94856e000 rw-p 00000000 00:00 0 
7ff94856e000-7ff94c000000 ---p 00000000 00:00 0 
7ff94c000000-7ff94c021000 rw-p 00000000 00:00 0 
7ff94c021000-7ff950000000 ---p 00000000 00:00 0 
7ff950000000-7ff950e13000 rw-p 00000000 00:00 0 
7ff950e13000-7ff954000000 ---p 00000000 00:00 0 
7ff954000000-7ff954021000 rw-p 00000000 00:00 0 
7ff954021000-7ff958000000 ---p 00000000 00:00 0 
7ff958000000-7ff958021000 rw-p 00000000 00:00 0 
7ff958021000-7ff95c000000 ---p 00000000 00:00 0 
7ff95c000000-7ff95c02c000 rw-p 00000000 00:00 0 
7ff95c02c000-7ff960000000 ---p 00000000 00:00 0 
7ff960000000-7ff960288000 rw-p 00000000 00:00 0 
7ff960288000-7ff964000000 ---p 00000000 00:00 0 
7ff964000000-7ff964025000 rw-p 00000000 00:00 0 
7ff964025000-7ff968000000 ---p 00000000 00:00 0 
7ff968073000-7ff968076000 ---p 00000000 00:00 0 
7ff968076000-7ff968174000 rw-p 00000000 00:00 0 
7ff968174000-7ff96817b000 r--s 00000000 08:07 3280701                    /usr/lib/x86_64-linux-gnu/gconv/gconv-modules.cache
7ff96817b000-7ff96817e000 ---p 00000000 00:00 0 
7ff96817e000-7ff96827c000 rw-p 00000000 00:00 0 
7ff96827c000-7ff968281000 r--s 0009a000 08:07 787146                     /home/gyubeom/Downloads/android-studio/jre/jre/lib/jsse.jar
7ff968281000-7ff968481000 rw-p 00000000 00:00 0 
7ff968481000-7ff96848a000 r-xp 00000000 08:07 787091                     /home/gyubeom/Downloads/android-studio/jre/jre/lib/amd64/libmanagement.so
7ff96848a000-7ff968689000 ---p 00009000 08:07 787091                     /home/gyubeom/Downloads/android-studio/jre/jre/lib/amd64/libmanagement.so
7ff968689000-7ff96868a000 r--p 00008000 08:07 787091                     /home/gyubeom/Downloads/android-studio/jre/jre/lib/amd64/libmanagement.so
7ff96868a000-7ff96868b000 rw-p 00009000 08:07 787091                     /home/gyubeom/Downloads/android-studio/jre/jre/lib/amd64/libmanagement.so
7ff96868b000-7ff96868d000 r--s 00007000 08:07 2781257                    /home/gyubeom/.gradle/wrapper/dists/gradle-4.4-all/9br9xq1tocpiv8o6njlyu5op1/gradle-4.4/lib/plugins/gradle-tooling-api-builders-4.4.jar
7ff96868d000-7ff968691000 r--s 00014000 08:07 2781242                    /home/gyubeom/.gradle/wrapper/dists/gradle-4.4-all/9br9xq1tocpiv8o6njlyu5op1/gradle-4.4/lib/plugins/gradle-testing-native-4.4.jar
7ff968691000-7ff968693000 r--s 00009000 08:07 2781346                    /home/gyubeom/.gradle/wrapper/dists/gradle-4.4-all/9br9xq1tocpiv8o6njlyu5op1/gradle-4.4/lib/plugins/hamcrest-core-1.3.jar
7ff968693000-7ff968698000 r--s 0005a000 08:07 2781303                    /home/gyubeom/.gradle/wrapper/dists/gradle-4.4-all/9br9xq1tocpiv8o6njlyu5op1/gradle-4.4/lib/plugins/bsh-2.0b6.jar
7ff968698000-7ff96869a000 r--s 00006000 08:07 2781342                    /home/gyubeom/.gradle/wrapper/dists/gradle-4.4-all/9br9xq1tocpiv8o6njlyu5op1/gradle-4.4/lib/plugins/jcommander-1.12.jar
7ff96869a000-7ff9686a0000 r--s 00033000 08:07 2781343                    /home/gyubeom/.gradle/wrapper/dists/gradle-4.4-all/9br9xq1tocpiv8o6njlyu5op1/gradle-4.4/lib/plugins/snakeyaml-1.6.jar
7ff9686a0000-7ff9686a9000 r--s 00089000 08:07 2781301                    /home/gyubeom/.gradle/wrapper/dists/gradle-4.4-all/9br9xq1tocpiv8o6njlyu5op1/gradle-4.4/lib/plugins/testng-6.3.1.jar
7ff9686a9000-7ff9686b1000 r--s 00045000 08:07 2781302                    /home/gyubeom/.gradle/wrapper/dists/gradle-4.4-all/9br9xq1tocpiv8o6njlyu5op1/gradle-4.4/lib/plugins/junit-4.12.jar
7ff9686b1000-7ff9686b5000 r--s 00019000 08:07 2781263                    /home/gyubeom/.gradle/wrapper/dists/gradle-4.4-all/9br9xq1tocpiv8o6njlyu5op1/gradle-4.4/lib/plugins/gradle-testing-jvm-4.4.jar
7ff9686b5000-7ff9686bd000 r--s 00030000 08:07 2781269                    /home/gyubeom/.gradle/wrapper/dists/gradle-4.4-all/9br9xq1tocpiv8o6njlyu5op1/gradle-4.4/lib/plugins/gradle-testing-base-4.4.jar
7ff9686bd000-7ff9686c4000 r--s 00043000 08:07 2781296                    /home/gyubeom/.gradle/wrapper/dists/gradle-4.4-all/9br9xq1tocpiv8o6njlyu5op1/gradle-4.4/lib/plugins/bcpg-jdk15on-1.58.jar
7ff9686c4000-7ff9686c6000 r--s 0000c000 08:07 2781240                    /home/gyubeom/.gradle/wrapper/dists/gradle-4.4-all/9br9xq1tocpiv8o6njlyu5op1/gradle-4.4/lib/plugins/gradle-signing-4.4.jar
7ff9686c6000-7ff9686c8000 r--s 00007000 08:07 2781248                    /home/gyubeom/.gradle/wrapper/dists/gradle-4.4-all/9br9xq1tocpiv8o6njlyu5op1/gradle-4.4/lib/plugins/gradle-scala-4.4.jar
7ff9686c8000-7ff9686c9000 r--s 00004000 08:07 2781279                    /home/gyubeom/.gradle/wrapper/dists/gradle-4.4-all/9br9xq1tocpiv8o6njlyu5op1/gradle-4.4/lib/plugins/gradle-resources-sftp-4.4.jar
7ff9686c9000-7ff9686d7000 r--s 00087000 08:07 2781311                    /home/gyubeom/.gradle/wrapper/dists/gradle-4.4-all/9br9xq1tocpiv8o6njlyu5op1/gradle-4.4/lib/plugins/aws-java-sdk-core-1.11.6.jar
7ff9686d7000-7ff9686de000 r--s 00057000 08:07 2781310                    /home/gyubeom/.gradle/wrapper/dists/gradle-4.4-all/9br9xq1tocpiv8o6njlyu5op1/gradle-4.4/lib/plugins/aws-java-sdk-kms-1.11.6.jar
7ff9686de000-7ff9686eb000 r--s 0008e000 08:07 2781309                    /home/gyubeom/.gradle/wrapper/dists/gradle-4.4-all/9br9xq1tocpiv8o6njlyu5op1/gradle-4.4/lib/plugins/aws-java-sdk-s3-1.11.6.jar
7ff9686eb000-7ff9686ed000 r--s 00004000 08:07 2781274                    /home/gyubeom/.gradle/wrapper/dists/gradle-4.4-all/9br9xq1tocpiv8o6njlyu5op1/gradle-4.4/lib/plugins/gradle-resources-s3-4.4.jar
7ff9686ed000-7ff9686fd000 r--s 00088000 08:07 2781315                    /home/gyubeom/.gradle/wrapper/dists/gradle-4.4-all/9br9xq1tocpiv8o6njlyu5op1/gradle-4.4/lib/plugins/joda-time-2.8.2.jar
7ff9686fd000-7ff96870f000 r--s 0011e000 08:07 2781314                    /home/gyubeom/.gradle/wrapper/dists/gradle-4.4-all/9br9xq1tocpiv8o6njlyu5op1/gradle-4.4/lib/plugins/jackson-databind-2.8.9.jar
7ff96870f000-7ff968712000 r--s 0000b000 08:07 2781313                    /home/gyubeom/.gradle/wrapper/dists/gradle-4.4-all/9br9xq1tocpiv8o6njlyu5op1/gradle-4.4/lib/plugins/jackson-annotations-2.8.9.jar
7ff968712000-7ff968716000 r--s 00042000 08:07 2781312                    /home/gyubeom/.gradle/wrapper/dists/gradle-4.4-all/9br9xq1tocpiv8o6njlyu5op1/gradle-4.4/lib/plugins/jackson-core-2.8.9.jar
7ff968716000-7ff968717000 r--s 00001000 08:07 2781286                    /home/gyubeom/.gradle/wrapper/dists/gradle-4.4-all/9br9xq1tocpiv8o6njlyu5op1/gradle-4.4/lib/plugins/google-http-client-jackson2-1.22.0.jar
7ff968717000-7ff968720000 r--s 0004f000 08:07 2781287                    /home/gyubeom/.gradle/wrapper/dists/gradle-4.4-all/9br9xq1tocpiv8o6njlyu5op1/gradle-4.4/lib/plugins/google-http-client-1.22.0.jar
7ff968720000-7ff968722000 r--s 0000d000 08:07 2781285                    /home/gyubeom/.gradle/wrapper/dists/gradle-4.4-all/9br9xq1tocpiv8o6njlyu5op1/gradle-4.4/lib/plugins/google-oauth-client-1.22.0.jar
7ff968722000-7ff968727000 r--s 0002c000 08:07 2781284                    /home/gyubeom/.gradle/wrapper/dists/gradle-4.4-all/9br9xq1tocpiv8o6njlyu5op1/gradle-4.4/lib/plugins/google-api-client-1.22.0.jar
7ff968727000-7ff96872a000 r--s 00016000 08:07 2781283                    /home/gyubeom/.gradle/wrapper/dists/gradle-4.4-all/9br9xq1tocpiv8o6njlyu5op1/gradle-4.4/lib/plugins/google-api-services-storage-v1-rev78-1.22.0.jar
7ff96872a000-7ff96872c000 r--s 00003000 08:07 2781275                    /home/gyubeom/.gradle/wrapper/dists/gradle-4.4-all/9br9xq1tocpiv8o6njlyu5op1/gradle-4.4/lib/plugins/gradle-resources-gcs-4.4.jar
7ff96872c000-7ff96872e000 r--s 00010000 08:07 2781270                    /home/gyubeom/.gradle/wrapper/dists/gradle-4.4-all/9br9xq1tocpiv8o6njlyu5op1/gradle-4.4/lib/plugins/gradle-reporting-4.4.jar
7ff96872e000-7ff968730000 r--s 00005000 08:07 2781271                    /home/gyubeom/.gradle/wrapper/dists/gradle-4.4-all/9br9xq1tocpiv8o6njlyu5op1/gradle-4.4/lib/plugins/gradle-publish-4.4.jar
7ff968730000-7ff968732000 r--s 00009000 08:07 2781289                    /home/gyubeom/.gradle/wrapper/dists/gradle-4.4-all/9br9xq1tocpiv8o6njlyu5op1/gradle-4.4/lib/plugins/commons-cli-1.2.jar
7ff968732000-7ff968738000 r--s 00038000 08:07 2781256                    /home/gyubeom/.gradle/wrapper/dists/gradle-4.4-all/9br9xq1tocpiv8o6njlyu5op1/gradle-4.4/lib/plugins/gradle-plugins-4.4.jar
7ff968738000-7ff96873a000 r--s 00009000 08:07 2781244                    /home/gyubeom/.gradle/wrapper/dists/gradle-4.4-all/9br9xq1tocpiv8o6njlyu5op1/gradle-4.4/lib/plugins/gradle-plugin-development-4.4.jar
7ff96873a000-7ff968741000 r--s 0002e000 08:07 2781251                    /home/gyubeom/.gradle/wrapper/dists/gradle-4.4-all/9br9xq1tocpiv8o6njlyu5op1/gradle-4.4/lib/plugins/gradle-platform-play-4.4.jar
7ff968741000-7ff968752000 r--s 00069000 08:07 2781267                    /home/gyubeom/.gradle/wrapper/dists/gradle-4.4-all/9br9xq1tocpiv8o6njlyu5op1/gradle-4.4/lib/plugins/gradle-platform-native-4.4.jar
7ff968752000-7ff968756000 r--s 0001b000 08:07 2781266                    /home/gyubeom/.gradle/wrapper/dists/gradle-4.4-all/9br9xq1tocpiv8o6njlyu5op1/gradle-4.4/lib/plugins/gradle-platform-jvm-4.4.jar
7ff968756000-7ff96875d000 r--s 00028000 08:07 2781272                    /home/gyubeom/.gradle/wrapper/dists/gradle-4.4-all/9br9xq1tocpiv8o6njlyu5op1/gradle-4.4/lib/plugins/gradle-platform-base-4.4.jar
7ff96875d000-7ff968788000 r--s 00247000 08:07 2781290                    /home/gyubeom/.gradle/wrapper/dists/gradle-4.4-all/9br9xq1tocpiv8o6njlyu5op1/gradle-4.4/lib/plugins/biz.aQute.bndlib-3.4.0.jar
7ff968788000-7ff968789000 r--s 00004000 08:07 2781239                    /home/gyubeom/.gradle/wrapper/dists/gradle-4.4-all/9br9xq1tocpiv8o6njlyu5op1/gradle-4.4/lib/plugins/gradle-osgi-4.4.jar
7ff968789000-7ff96878c000 r--s 0000c000 08:07 2781293                    /home/gyubeom/.gradle/wrapper/dists/gradle-4.4-all/9br9xq1tocpiv8o6njlyu5op1/gradle-4.4/lib/plugins/pmaven-groovy-0.8-20100325.jar
7ff96878c000-7ff96878d000 r--s 00004000 08:07 2781292                    /home/gyubeom/.gradle/wrapper/dists/gradle-4.4-all/9br9xq1tocpiv8o6njlyu5op1/gradle-4.4/lib/plugins/pmaven-common-0.8-20100325.jar
7ff96878d000-7ff968793000 r--s 00025000 08:07 2781245                    /home/gyubeom/.gradle/wrapper/dists/gradle-4.4-all/9br9xq1tocpiv8o6njlyu5op1/gradle-4.4/lib/plugins/gradle-maven-4.4.jar
7ff968793000-7ff968796000 r--s 0000b000 08:07 2781262                    /home/gyubeom/.gradle/wrapper/dists/gradle-4.4-all/9br9xq1tocpiv8o6njlyu5op1/gradle-4.4/lib/plugins/gradle-language-scala-4.4.jar
7ff968796000-7ff96879f000 r--s 00036000 08:07 2781243                    /home/gyubeom/.gradle/wrapper/dists/gradle-4.4-all/9br9xq1tocpiv8o6njlyu5op1/gradle-4.4/lib/plugins/gradle-language-native-4.4.jar
7ff96879f000-7ff9687a1000 r--s 00005000 08:07 2781265                    /home/gyubeom/.gradle/wrapper/dists/gradle-4.4-all/9br9xq1tocpiv8o6njlyu5op1/gradle-4.4/lib/plugins/gradle-language-jvm-4.4.jar
7ff9687a1000-7ff9687a8000 r--s 00030000 08:07 2781264                    /home/gyubeom/.gradle/wrapper/dists/gradle-4.4-all/9br9xq1tocpiv8o6njlyu5op1/gradle-4.4/lib/plugins/gradle-language-java-4.4.jar
7ff9687a8000-7ff9687ab000 r--s 0000a000 08:07 2781261                    /home/gyubeom/.gradle/wrapper/dists/gradle-4.4-all/9br9xq1tocpiv8o6njlyu5op1/gradle-4.4/lib/plugins/gradle-language-groovy-4.4.jar
7ff9687ab000-7ff9687b2000 r--s 00035000 08:07 2781299                    /home/gyubeom/.gradle/wrapper/dists/gradle-4.4-all/9br9xq1tocpiv8o6njlyu5op1/gradle-4.4/lib/plugins/simple-4.1.21.jar
7ff9687b2000-7ff9687be000 r--s 00100000 08:07 2781297                    /home/gyubeom/.gradle/wrapper/dists/gradle-4.4-all/9br9xq1tocpiv8o6njlyu5op1/gradle-4.4/lib/plugins/rhino-1.7R3.jar
7ff9687be000-7ff9687c2000 r--s 00011000 08:07 2781252                    /home/gyubeom/.gradle/wrapper/dists/gradle-4.4-all/9br9xq1tocpiv8o6njlyu5op1/gradle-4.4/lib/plugins/gradle-javascript-4.4.jar
7ff9687c2000-7ff9687c5000 r--s 00011000 08:07 2781254                    /home/gyubeom/.gradle/wrapper/dists/gradle-4.4-all/9br9xq1tocpiv8o6njlyu5op1/gradle-4.4/lib/plugins/gradle-jacoco-4.4.jar
7ff9687c5000-7ff9687c9000 r--s 0000e000 08:07 2781253                    /home/gyubeom/.gradle/wrapper/dists/gradle-4.4-all/9br9xq1tocpiv8o6njlyu5op1/gradle-4.4/lib/plugins/gradle-ivy-4.4.jar
7ff9687c9000-7ff9687ca000 r--s 00002000 08:07 2781246                    /home/gyubeom/.gradle/wrapper/dists/gradle-4.4-all/9br9xq1tocpiv8o6njlyu5op1/gradle-4.4/lib/plugins/gradle-ide-play-4.4.jar
7ff9687ca000-7ff9687cb000 r--s 00011000 08:07 2781300                    /home/gyubeom/.gradle/wrapper/dists/gradle-4.4-all/9br9xq1tocpiv8o6njlyu5op1/gradle-4.4/lib/plugins/dd-plist-1.20.jar
7ff9687cb000-7ff9687d1000 r--s 00027000 08:07 2781241                    /home/gyubeom/.gradle/wrapper/dists/gradle-4.4-all/9br9xq1tocpiv8o6njlyu5op1/gradle-4.4/lib/plugins/gradle-ide-native-4.4.jar
7ff9687d1000-7ff9687db000 r--s 00056000 08:07 2781247                    /home/gyubeom/.gradle/wrapper/dists/gradle-4.4-all/9br9xq1tocpiv8o6njlyu5op1/gradle-4.4/lib/plugins/gradle-ide-4.4.jar
7ff9687db000-7ff9687dd000 r--s 00007000 08:07 2781250                    /home/gyubeom/.gradle/wrapper/dists/gradle-4.4-all/9br9xq1tocpiv8o6njlyu5op1/gradle-4.4/lib/plugins/gradle-ear-4.4.jar
7ff9687dd000-7ff9687df000 r--s 00005000 08:07 2781282                    /home/gyubeom/.gradle/wrapper/dists/gradle-4.4-all/9br9xq1tocpiv8o6njlyu5op1/gradle-4.4/lib/plugins/jatl-0.2.2.jar
7ff9687df000-7ff9687e5000 r--s 00039000 08:07 2781268                    /home/gyubeom/.gradle/wrapper/dists/gradle-4.4-all/9br9xq1tocpiv8o6njlyu5op1/gradle-4.4/lib/plugins/gradle-diagnostics-4.4.jar
7ff9687e5000-7ff9687e7000 r--s 0000b000 08:07 2781259                    /home/gyubeom/.gradle/wrapper/dists/gradle-4.4-all/9br9xq1tocpiv8o6njlyu5op1/gradle-4.4/lib/plugins/gradle-composite-builds-4.4.jar
7ff9687e7000-7ff9687ec000 r--s 00026000 08:07 2781237                    /home/gyubeom/.gradle/wrapper/dists/gradle-4.4-all/9br9xq1tocpiv8o6njlyu5op1/gradle-4.4/lib/plugins/gradle-code-quality-4.4.jar
7ff9687ec000-7ff9687f1000 r--s 00022000 08:07 2781255                    /home/gyubeom/.gradle/wrapper/dists/gradle-4.4-all/9br9xq1tocpiv8o6njlyu5op1/gradle-4.4/lib/plugins/gradle-build-init-4.4.jar
7ff9687f1000-7ff9687f8000 r--s 0005d000 08:07 2781249                    /home/gyubeom/.gradle/wrapper/dists/gradle-4.4-all/9br9xq1tocpiv8o6njlyu5op1/gradle-4.4/lib/plugins/gradle-build-comparison-4.4.jar
7ff9687f8000-7ff9687f9000 r--s 00002000 08:07 2781276                    /home/gyubeom/.gradle/wrapper/dists/gradle-4.4-all/9br9xq1tocpiv8o6njlyu5op1/gradle-4.4/lib/plugins/gradle-build-cache-http-4.4.jar
7ff9687f9000-7ff9687fb000 r--s 00008000 08:07 2781238                    /home/gyubeom/.gradle/wrapper/dists/gradle-4.4-all/9br9xq1tocpiv8o6njlyu5op1/gradle-4.4/lib/plugins/gradle-antlr-4.4.jar
7ff9687fb000-7ff9687fd000 r--s 00004000 08:07 2781260                    /home/gyubeom/.gradle/wrapper/dists/gradle-4.4-all/9br9xq1tocpiv8o6njlyu5op1/gradle-4.4/lib/plugins/gradle-announce-4.4.jar
7ff9687fd000-7ff9687ff000 r--s 00009000 08:07 2636970                    /home/gyubeom/.gradle/wrapper/dists/gradle-4.4-all/9br9xq1tocpiv8o6njlyu5op1/gradle-4.4/lib/gradle-kotlin-dsl-tooling-builders-0.13.1.jar
7ff9687ff000-7ff968802000 r--s 0000b000 08:07 2781273                    /home/gyubeom/.gradle/wrapper/dists/gradle-4.4-all/9br9xq1tocpiv8o6njlyu5op1/gradle-4.4/lib/plugins/gradle-plugin-use-4.4.jar
7ff968802000-7ff968803000 r--s 00000000 08:07 2636979                    /home/gyubeom/.gradle/wrapper/dists/gradle-4.4-all/9br9xq1tocpiv8o6njlyu5op1/gradle-4.4/lib/gradle-runtime-api-info-4.4.jar
7ff968803000-7ff968806000 r--s 0001c000 08:07 2781305                    /home/gyubeom/.gradle/wrapper/dists/gradle-4.4-all/9br9xq1tocpiv8o6njlyu5op1/gradle-4.4/lib/plugins/nekohtml-1.9.14.jar
7ff968806000-7ff96881f000 r--s 00135000 08:07 2781306                    /home/gyubeom/.gradle/wrapper/dists/gradle-4.4-all/9br9xq1tocpiv8o6njlyu5op1/gradle-4.4/lib/plugins/xercesImpl-2.11.0.jar
7ff96881f000-7ff968826000 r--s 00049000 08:07 2781344                    /home/gyubeom/.gradle/wrapper/dists/gradle-4.4-all/9br9xq1tocpiv8o6njlyu5op1/gradle-4.4/lib/plugins/httpcore-4.4.4.jar
7ff968826000-7ff96882c000 r--s 00033000 08:07 2781295                    /home/gyubeom/.gradle/wrapper/dists/gradle-4.4-all/9br9xq1tocpiv8o6njlyu5op1/gradle-4.4/lib/plugins/commons-codec-1.6.jar
7ff96882c000-7ff968832000 r--s 0005b000 08:07 2781304                    /home/gyubeom/.gradle/wrapper/dists/gradle-4.4-all/9br9xq1tocpiv8o6njlyu5op1/gradle-4.4/lib/plugins/jcifs-1.3.17.jar
7ff968832000-7ff96883f000 r--s 000a4000 08:07 2781288                    /home/gyubeom/.gradle/wrapper/dists/gradle-4.4-all/9br9xq1tocpiv8o6njlyu5op1/gradle-4.4/lib/plugins/httpclient-4.4.1.jar
7ff96883f000-7ff968862000 r--s 00223000 08:07 2781345                    /home/gyubeom/.gradle/wrapper/dists/gradle-4.4-all/9br9xq1tocpiv8o6njlyu5op1/gradle-4.4/lib/plugins/org.eclipse.jgit-4.5.3.201708160445-r.jar
7ff968862000-7ff968878000 r-xp 00000000 08:07 5640893                    /lib/x86_64-linux-gnu/libgcc_s.so.1
7ff968878000-7ff968a77000 ---p 00016000 08:07 5640893                    /lib/x86_64-linux-gnu/libgcc_s.so.1
7ff968a77000-7ff968a78000 rw-p 00015000 08:07 5640893                    /lib/x86_64-linux-gnu/libgcc_s.so.1
7ff968a78000-7ff968bea000 r-xp 00000000 08:07 3016838                    /usr/lib/x86_64-linux-gnu/libstdc++.so.6.0.21
7ff968bea000-7ff968dea000 ---p 00172000 08:07 3016838                    /usr/lib/x86_64-linux-gnu/libstdc++.so.6.0.21
7ff968dea000-7ff968df4000 r--p 00172000 08:07 3016838                    /usr/lib/x86_64-linux-gnu/libstdc++.so.6.0.21
7ff968df4000-7ff968df6000 rw-p 0017c000 08:07 3016838                    /usr/lib/x86_64-linux-gnu/libstdc++.so.6.0.21
7ff968df6000-7ff968dfa000 rw-p 00000000 00:00 0 
7ff968dfa000-7ff968dff000 r-xp 00000000 08:07 1852573                    /home/gyubeom/.gradle/native/25/linux-amd64/libnative-platform.so
7ff968dff000-7ff968ffe000 ---p 00005000 08:07 1852573                    /home/gyubeom/.gradle/native/25/linux-amd64/libnative-platform.so
7ff968ffe000-7ff968fff000 rw-p 00004000 08:07 1852573                    /home/gyubeom/.gradle/native/25/linux-amd64/libnative-platform.so
7ff968fff000-7ff96c000000 rw-p 00000000 00:00 0 
7ff96c000000-7ff96c021000 rw-p 00000000 00:00 0 
7ff96c021000-7ff970000000 ---p 00000000 00:00 0 
7ff970000000-7ff970003000 r--s 0000c000 08:07 2781278                    /home/gyubeom/.gradle/wrapper/dists/gradle-4.4-all/9br9xq1tocpiv8o6njlyu5op1/gradle-4.4/lib/plugins/gradle-resources-http-4.4.jar
7ff970003000-7ff970004000 r--s 00005000 08:07 2781281                    /home/gyubeom/.gradle/wrapper/dists/gradle-4.4-all/9br9xq1tocpiv8o6njlyu5op1/gradle-4.4/lib/plugins/gradle-version-control-4.4.jar
7ff970004000-7ff970005000 r--s 00000000 08:07 2636982                    /home/gyubeom/.gradle/wrapper/dists/gradle-4.4-all/9br9xq1tocpiv8o6njlyu5op1/gradle-4.4/lib/gradle-installation-beacon-4.4.jar
7ff970005000-7ff970058000 r--s 00373000 08:07 2781317                    /home/gyubeom/.gradle/wrapper/dists/gradle-4.4-all/9br9xq1tocpiv8o6njlyu5op1/gradle-4.4/lib/plugins/bcprov-jdk15on-1.58.jar
7ff970058000-7ff97005c000 r--s 0001d000 08:07 2781316                    /home/gyubeom/.gradle/wrapper/dists/gradle-4.4-all/9br9xq1tocpiv8o6njlyu5op1/gradle-4.4/lib/plugins/xbean-reflect-3.4.jar
7ff97005c000-7ff97005e000 r--s 0000a000 08:07 2781318                    /home/gyubeom/.gradle/wrapper/dists/gradle-4.4-all/9br9xq1tocpiv8o6njlyu5op1/gradle-4.4/lib/plugins/maven-settings-3.0.4.jar
7ff97005e000-7ff970061000 r--s 00008000 08:07 2781319                    /home/gyubeom/.gradle/wrapper/dists/gradle-4.4-all/9br9xq1tocpiv8o6njlyu5op1/gradle-4.4/lib/plugins/maven-settings-builder-3.0.4.jar
7ff970061000-7ff970064000 r--s 00034000 08:07 2781320                    /home/gyubeom/.gradle/wrapper/dists/gradle-4.4-all/9br9xq1tocpiv8o6njlyu5op1/gradle-4.4/lib/plugins/plexus-utils-2.1.jar
7ff970064000-7ff970066000 r--s 0000d000 08:07 2781321                    /home/gyubeom/.gradle/wrapper/dists/gradle-4.4-all/9br9xq1tocpiv8o6njlyu5op1/gradle-4.4/lib/plugins/plexus-interpolation-1.14.jar
7ff970066000-7ff970068000 r--s 00000000 08:07 2781294                    /home/gyubeom/.gradle/wrapper/dists/gradle-4.4-all/9br9xq1tocpiv8o6njlyu5op1/gradle-4.4/lib/plugins/plexus-component-annotations-1.5.5.jar
7ff970068000-7ff97006f000 r--s 0002e000 08:07 2781322                    /home/gyubeom/.gradle/wrapper/dists/gradle-4.4-all/9br9xq1tocpiv8o6njlyu5op1/gradle-4.4/lib/plugins/plexus-container-default-1.5.5.jar
7ff97006f000-7ff970071000 r--s 0000a000 08:07 2781323                    /home/gyubeom/.gradle/wrapper/dists/gradle-4.4-all/9br9xq1tocpiv8o6njlyu5op1/gradle-4.4/lib/plugins/plexus-classworlds-2.4.jar
7ff970071000-7ff970073000 r--s 00002000 08:07 2781324                    /home/gyubeom/.gradle/wrapper/dists/gradle-4.4-all/9br9xq1tocpiv8o6njlyu5op1/gradle-4.4/lib/plugins/plexus-cipher-1.7.jar
7ff970073000-7ff970074000 r--s 00006000 08:07 2781325                    /home/gyubeom/.gradle/wrapper/dists/gradle-4.4-all/9br9xq1tocpiv8o6njlyu5op1/gradle-4.4/lib/plugins/plexus-sec-dispatcher-1.3.jar
7ff970074000-7ff97007a000 r--s 0003f000 08:07 2781326                    /home/gyubeom/.gradle/wrapper/dists/gradle-4.4-all/9br9xq1tocpiv8o6njlyu5op1/gradle-4.4/lib/plugins/maven-compat-3.0.4.jar
7ff97007a000-7ff97007e000 r--s 00021000 08:07 2781327                    /home/gyubeom/.gradle/wrapper/dists/gradle-4.4-all/9br9xq1tocpiv8o6njlyu5op1/gradle-4.4/lib/plugins/maven-model-builder-3.0.4.jar
7ff97007e000-7ff970080000 r--s 00026000 08:07 2781328                    /home/gyubeom/.gradle/wrapper/dists/gradle-4.4-all/9br9xq1tocpiv8o6njlyu5op1/gradle-4.4/lib/plugins/maven-model-3.0.4.jar
7ff970080000-7ff970082000 r--s 0000b000 08:07 2781329                    /home/gyubeom/.gradle/wrapper/dists/gradle-4.4-all/9br9xq1tocpiv8o6njlyu5op1/gradle-4.4/lib/plugins/maven-artifact-3.0.4.jar
7ff970082000-7ff970084000 r--s 00006000 08:07 2781330                    /home/gyubeom/.gradle/wrapper/dists/gradle-4.4-all/9br9xq1tocpiv8o6njlyu5op1/gradle-4.4/lib/plugins/maven-repository-metadata-3.0.4.jar
7ff970084000-7ff970086000 r--s 0000b000 08:07 2781331                    /home/gyubeom/.gradle/wrapper/dists/gradle-4.4-all/9br9xq1tocpiv8o6njlyu5op1/gradle-4.4/lib/plugins/maven-plugin-api-3.0.4.jar
7ff970086000-7ff970088000 r--s 0000c000 08:07 2781332                    /home/gyubeom/.gradle/wrapper/dists/gradle-4.4-all/9br9xq1tocpiv8o6njlyu5op1/gradle-4.4/lib/plugins/maven-aether-provider-3.0.4.jar
7ff970088000-7ff970089000 r--s 00002000 08:07 2781333                    /home/gyubeom/.gradle/wrapper/dists/gradle-4.4-all/9br9xq1tocpiv8o6njlyu5op1/gradle-4.4/lib/plugins/wagon-file-2.4.jar
7ff970089000-7ff97008a000 r--s 00002000 08:07 2781334                    /home/gyubeom/.gradle/wrapper/dists/gradle-4.4-all/9br9xq1tocpiv8o6njlyu5op1/gradle-4.4/lib/plugins/wagon-http-2.4.jar
7ff97008a000-7ff97008c000 r--s 0000b000 08:07 2781335                    /home/gyubeom/.gradle/wrapper/dists/gradle-4.4-all/9br9xq1tocpiv8o6njlyu5op1/gradle-4.4/lib/plugins/wagon-provider-api-2.4.jar
7ff97008c000-7ff97008d000 r--s 00007000 08:07 2781336                    /home/gyubeom/.gradle/wrapper/dists/gradle-4.4-all/9br9xq1tocpiv8o6njlyu5op1/gradle-4.4/lib/plugins/wagon-http-shared4-2.4.jar
7ff97008d000-7ff970090000 r--s 00013000 08:07 2781337                    /home/gyubeom/.gradle/wrapper/dists/gradle-4.4-all/9br9xq1tocpiv8o6njlyu5op1/gradle-4.4/lib/plugins/aether-api-1.13.1.jar
7ff970090000-7ff970093000 r--s 0001d000 08:07 2781338                    /home/gyubeom/.gradle/wrapper/dists/gradle-4.4-all/9br9xq1tocpiv8o6njlyu5op1/gradle-4.4/lib/plugins/aether-impl-1.13.1.jar
7ff970093000-7ff970094000 r--s 00003000 08:07 2781339                    /home/gyubeom/.gradle/wrapper/dists/gradle-4.4-all/9br9xq1tocpiv8o6njlyu5op1/gradle-4.4/lib/plugins/aether-spi-1.13.1.jar
7ff970094000-7ff970098000 r--s 0001c000 08:07 2781340                    /home/gyubeom/.gradle/wrapper/dists/gradle-4.4-all/9br9xq1tocpiv8o6njlyu5op1/gradle-4.4/lib/plugins/aether-util-1.13.1.jar
7ff970098000-7ff97009a000 r--s 00006000 08:07 2781341                    /home/gyubeom/.gradle/wrapper/dists/gradle-4.4-all/9br9xq1tocpiv8o6njlyu5op1/gradle-4.4/lib/plugins/aether-connector-wagon-1.13.1.jar
7ff97009a000-7ff9700a6000 r--s 0007d000 08:07 2781291                    /home/gyubeom/.gradle/wrapper/dists/gradle-4.4-all/9br9xq1tocpiv8o6njlyu5op1/gradle-4.4/lib/plugins/maven-core-3.0.4.jar
7ff9700a6000-7ff9700ab000 r--s 00034000 08:07 2781298                    /home/gyubeom/.gradle/wrapper/dists/gradle-4.4-all/9br9xq1tocpiv8o6njlyu5op1/gradle-4.4/lib/plugins/gson-2.7.jar
7ff9700ab000-7ff9700b0000 r--s 00040000 08:07 2781308                    /home/gyubeom/.gradle/wrapper/dists/gradle-4.4-all/9br9xq1tocpiv8o6njlyu5op1/gradle-4.4/lib/plugins/jsch-0.1.54.jar
7ff9700b0000-7ff9700bf000 r--s 000d9000 08:07 2781307                    /home/gyubeom/.gradle/wrapper/dists/gradle-4.4-all/9br9xq1tocpiv8o6njlyu5op1/gradle-4.4/lib/plugins/ivy-2.2.0.jar
7ff9700bf000-7ff9700e5000 r--s 00133000 08:07 2781277                    /home/gyubeom/.gradle/wrapper/dists/gradle-4.4-all/9br9xq1tocpiv8o6njlyu5op1/gradle-4.4/lib/plugins/gradle-dependency-management-4.4.jar
7ff9700e5000-7ff9700e8000 r--s 0000d000 08:07 2781280                    /home/gyubeom/.gradle/wrapper/dists/gradle-4.4-all/9br9xq1tocpiv8o6njlyu5op1/gradle-4.4/lib/plugins/gradle-workers-4.4.jar
7ff9700e8000-7ff9700f9000 r-xp 00000000 08:07 787115                     /home/gyubeom/Downloads/android-studio/jre/jre/lib/amd64/libnio.so
7ff9700f9000-7ff9702f8000 ---p 00011000 08:07 787115                     /home/gyubeom/Downloads/android-studio/jre/jre/lib/amd64/libnio.so
7ff9702f8000-7ff9702f9000 r--p 00010000 08:07 787115                     /home/gyubeom/Downloads/android-studio/jre/jre/lib/amd64/libnio.so
7ff9702f9000-7ff9702fa000 rw-p 00011000 08:07 787115                     /home/gyubeom/Downloads/android-studio/jre/jre/lib/amd64/libnio.so
7ff9702fa000-7ff970310000 r-xp 00000000 08:07 787094                     /home/gyubeom/Downloads/android-studio/jre/jre/lib/amd64/libnet.so
7ff970310000-7ff970510000 ---p 00016000 08:07 787094                     /home/gyubeom/Downloads/android-studio/jre/jre/lib/amd64/libnet.so
7ff970510000-7ff970511000 r--p 00016000 08:07 787094                     /home/gyubeom/Downloads/android-studio/jre/jre/lib/amd64/libnet.so
7ff970511000-7ff970512000 rw-p 00017000 08:07 787094                     /home/gyubeom/Downloads/android-studio/jre/jre/lib/amd64/libnet.so
7ff970512000-7ff970513000 r--s 00006000 08:07 2636981                    /home/gyubeom/.gradle/wrapper/dists/gradle-4.4-all/9br9xq1tocpiv8o6njlyu5op1/gradle-4.4/lib/gradle-wrapper-4.4.jar
7ff970513000-7ff970521000 r--s 00046000 08:07 2636980                    /home/gyubeom/.gradle/wrapper/dists/gradle-4.4-all/9br9xq1tocpiv8o6njlyu5op1/gradle-4.4/lib/gradle-tooling-api-4.4.jar
7ff970521000-7ff970522000 r--s 00002000 08:07 2636977                    /home/gyubeom/.gradle/wrapper/dists/gradle-4.4-all/9br9xq1tocpiv8o6njlyu5op1/gradle-4.4/lib/kotlin-stdlib-jre8-1.1.51.jar
7ff970522000-7ff970523000 r--s 00000000 08:07 2636976                    /home/gyubeom/.gradle/wrapper/dists/gradle-4.4-all/9br9xq1tocpiv8o6njlyu5op1/gradle-4.4/lib/kotlin-stdlib-jre7-1.1.51.jar
7ff970523000-7ff970532000 r--s 000c9000 08:07 2636975                    /home/gyubeom/.gradle/wrapper/dists/gradle-4.4-all/9br9xq1tocpiv8o6njlyu5op1/gradle-4.4/lib/kotlin-stdlib-1.1.51.jar
7ff970532000-7ff970534000 r--s 00002000 08:07 2636974                    /home/gyubeom/.gradle/wrapper/dists/gradle-4.4-all/9br9xq1tocpiv8o6njlyu5op1/gradle-4.4/lib/kotlin-sam-with-receiver-compiler-plugin-1.1.51.jar
7ff970534000-7ff970567000 r--s 0022b000 08:07 2636973                    /home/gyubeom/.gradle/wrapper/dists/gradle-4.4-all/9br9xq1tocpiv8o6njlyu5op1/gradle-4.4/lib/kotlin-reflect-1.1.51.jar
7ff970567000-7ff970749000 r--s 01a42000 08:07 2636972                    /home/gyubeom/.gradle/wrapper/dists/gradle-4.4-all/9br9xq1tocpiv8o6njlyu5op1/gradle-4.4/lib/kotlin-compiler-embeddable-1.1.51.jar
7ff970749000-7ff97074a000 r--s 00000000 08:07 2636971                    /home/gyubeom/.gradle/wrapper/dists/gradle-4.4-all/9br9xq1tocpiv8o6njlyu5op1/gradle-4.4/lib/gradle-kotlin-dsl-tooling-models-0.13.1.jar
7ff97074a000-7ff97074c000 r--s 00003000 08:07 2636968                    /home/gyubeom/.gradle/wrapper/dists/gradle-4.4-all/9br9xq1tocpiv8o6njlyu5op1/gradle-4.4/lib/annotations-13.0.jar
7ff97074c000-7ff970757000 r--s 00082000 08:07 2636969                    /home/gyubeom/.gradle/wrapper/dists/gradle-4.4-all/9br9xq1tocpiv8o6njlyu5op1/gradle-4.4/lib/gradle-kotlin-dsl-0.13.1.jar
7ff970757000-7ff97075b000 r--s 00012000 08:07 2636986                    /home/gyubeom/.gradle/wrapper/dists/gradle-4.4-all/9br9xq1tocpiv8o6njlyu5op1/gradle-4.4/lib/gradle-build-cache-4.4.jar
7ff97075b000-7ff970761000 r--s 0002e000 08:07 2636990                    /home/gyubeom/.gradle/wrapper/dists/gradle-4.4-all/9br9xq1tocpiv8o6njlyu5op1/gradle-4.4/lib/gradle-persistent-cache-4.4.jar
7ff970761000-7ff970765000 r--s 00014000 08:07 2636989                    /home/gyubeom/.gradle/wrapper/dists/gradle-4.4-all/9br9xq1tocpiv8o6njlyu5op1/gradle-4.4/lib/gradle-resources-4.4.jar
7ff970765000-7ff970766000 r--s 00003000 08:07 2636997                    /home/gyubeom/.gradle/wrapper/dists/gradle-4.4-all/9br9xq1tocpiv8o6njlyu5op1/gradle-4.4/lib/gradle-build-option-4.4.jar
7ff970766000-7ff970768000 r--s 00005000 08:07 2636998                    /home/gyubeom/.gradle/wrapper/dists/gradle-4.4-all/9br9xq1tocpiv8o6njlyu5op1/gradle-4.4/lib/gradle-cli-4.4.jar
7ff970768000-7ff97076a000 r--s 00003000 08:07 2637005                    /home/gyubeom/.gradle/wrapper/dists/gradle-4.4-all/9br9xq1tocpiv8o6njlyu5op1/gradle-4.4/lib/jcl-over-slf4j-1.7.10.jar
7ff97076a000-7ff97076b000 r--s 00005000 08:07 2637004                    /home/gyubeom/.gradle/wrapper/dists/gradle-4.4-all/9br9xq1tocpiv8o6njlyu5op1/gradle-4.4/lib/log4j-over-slf4j-1.7.10.jar
7ff97076b000-7ff97076d000 r--s 00000000 08:07 2637003                    /home/gyubeom/.gradle/wrapper/dists/gradle-4.4-all/9br9xq1tocpiv8o6njlyu5op1/gradle-4.4/lib/jul-to-slf4j-1.7.10.jar
7ff97076d000-7ff970774000 r--s 0002f000 08:07 2636987                    /home/gyubeom/.gradle/wrapper/dists/gradle-4.4-all/9br9xq1tocpiv8o6njlyu5op1/gradle-4.4/lib/gradle-logging-4.4.jar
7ff970774000-7ff9707e4000 r--s 00646000 08:07 2637011                    /home/gyubeom/.gradle/wrapper/dists/gradle-4.4-all/9br9xq1tocpiv8o6njlyu5op1/gradle-4.4/lib/groovy-all-2.4.12.jar
7ff9707e4000-7ff9707e5000 ---p 00000000 00:00 0 
7ff9707e5000-7ff9708e5000 rw-p 00000000 00:00 0 
7ff9708e5000-7ff9708e8000 ---p 00000000 00:00 0 
7ff9708e8000-7ff9709e6000 rw-p 00000000 00:00 0 
7ff9709e6000-7ff9709e9000 ---p 00000000 00:00 0 
7ff9709e9000-7ff970ae7000 rw-p 00000000 00:00 0 
7ff970ae7000-7ff970aea000 ---p 00000000 00:00 0 
7ff970aea000-7ff970be8000 rw-p 00000000 00:00 0 
7ff970be8000-7ff971000000 r--p 00000000 08:07 3021448                    /usr/lib/locale/locale-archive
7ff971000000-7ff974000000 rw-p 00000000 00:00 0 
7ff974000000-7ff974021000 rw-p 00000000 00:00 0 
7ff974021000-7ff978000000 ---p 00000000 00:00 0 
7ff978000000-7ff978010000 r--s 00082000 08:07 2636993                    /home/gyubeom/.gradle/wrapper/dists/gradle-4.4-all/9br9xq1tocpiv8o6njlyu5op1/gradle-4.4/lib/gradle-model-core-4.4.jar
7ff978010000-7ff978012000 r--s 00006000 08:07 2636994                    /home/gyubeom/.gradle/wrapper/dists/gradle-4.4-all/9br9xq1tocpiv8o6njlyu5op1/gradle-4.4/lib/gradle-base-services-groovy-4.4.jar
7ff978012000-7ff978014000 r--s 00007000 08:07 2636992                    /home/gyubeom/.gradle/wrapper/dists/gradle-4.4-all/9br9xq1tocpiv8o6njlyu5op1/gradle-4.4/lib/gradle-model-groovy-4.4.jar
7ff978014000-7ff978015000 r--s 00002000 08:07 2637018                    /home/gyubeom/.gradle/wrapper/dists/gradle-4.4-all/9br9xq1tocpiv8o6njlyu5op1/gradle-4.4/lib/gradle-docs-4.4.jar
7ff978015000-7ff97801e000 r--s 0002d000 08:07 2637017                    /home/gyubeom/.gradle/wrapper/dists/gradle-4.4-all/9br9xq1tocpiv8o6njlyu5op1/gradle-4.4/lib/xml-apis-1.4.01.jar
7ff97801e000-7ff978028000 r--s 00078000 08:07 2637016                    /home/gyubeom/.gradle/wrapper/dists/gradle-4.4-all/9br9xq1tocpiv8o6njlyu5op1/gradle-4.4/lib/commons-compress-1.14.jar
7ff978028000-7ff978035000 r--s 00083000 08:07 2637014                    /home/gyubeom/.gradle/wrapper/dists/gradle-4.4-all/9br9xq1tocpiv8o6njlyu5op1/gradle-4.4/lib/commons-collections-3.2.2.jar
7ff978035000-7ff978036000 r--s 00000000 08:07 2637013                    /home/gyubeom/.gradle/wrapper/dists/gradle-4.4-all/9br9xq1tocpiv8o6njlyu5op1/gradle-4.4/lib/javax.inject-1.jar
7ff978036000-7ff978039000 r--s 00023000 08:07 2637019                    /home/gyubeom/.gradle/wrapper/dists/gradle-4.4-all/9br9xq1tocpiv8o6njlyu5op1/gradle-4.4/lib/jansi-1.14.jar
7ff978039000-7ff97803a000 r--s 00004000 08:07 2637021                    /home/gyubeom/.gradle/wrapper/dists/gradle-4.4-all/9br9xq1tocpiv8o6njlyu5op1/gradle-4.4/lib/native-platform-freebsd-amd64-libcpp-0.14.jar
7ff97803a000-7ff97803b000 r--s 00004000 08:07 2637022                    /home/gyubeom/.gradle/wrapper/dists/gradle-4.4-all/9br9xq1tocpiv8o6njlyu5op1/gradle-4.4/lib/native-platform-freebsd-amd64-libstdcpp-0.14.jar
7ff97803b000-7ff97803c000 r--s 00004000 08:07 2637023                    /home/gyubeom/.gradle/wrapper/dists/gradle-4.4-all/9br9xq1tocpiv8o6njlyu5op1/gradle-4.4/lib/native-platform-freebsd-i386-libcpp-0.14.jar
7ff97803c000-7ff97803d000 r--s 00003000 08:07 2637024                    /home/gyubeom/.gradle/wrapper/dists/gradle-4.4-all/9br9xq1tocpiv8o6njlyu5op1/gradle-4.4/lib/native-platform-freebsd-i386-libstdcpp-0.14.jar
7ff97803d000-7ff97803e000 r--s 00002000 08:07 2637025                    /home/gyubeom/.gradle/wrapper/dists/gradle-4.4-all/9br9xq1tocpiv8o6njlyu5op1/gradle-4.4/lib/native-platform-linux-amd64-0.14.jar
7ff97803e000-7ff97803f000 r--s 00002000 08:07 2637026                    /home/gyubeom/.gradle/wrapper/dists/gradle-4.4-all/9br9xq1tocpiv8o6njlyu5op1/gradle-4.4/lib/native-platform-linux-i386-0.14.jar
7ff97803f000-7ff978041000 r--s 00002000 08:07 2637027                    /home/gyubeom/.gradle/wrapper/dists/gradle-4.4-all/9br9xq1tocpiv8o6njlyu5op1/gradle-4.4/lib/native-platform-osx-amd64-0.14.jar
7ff978041000-7ff978042000 r--s 00003000 08:07 2637028                    /home/gyubeom/.gradle/wrapper/dists/gradle-4.4-all/9br9xq1tocpiv8o6njlyu5op1/gradle-4.4/lib/native-platform-osx-i386-0.14.jar
7ff978042000-7ff978044000 r--s 0000b000 08:07 2637029                    /home/gyubeom/.gradle/wrapper/dists/gradle-4.4-all/9br9xq1tocpiv8o6njlyu5op1/gradle-4.4/lib/native-platform-windows-amd64-0.14.jar
7ff978044000-7ff978045000 r--s 0000b000 08:07 2637030                    /home/gyubeom/.gradle/wrapper/dists/gradle-4.4-all/9br9xq1tocpiv8o6njlyu5op1/gradle-4.4/lib/native-platform-windows-i386-0.14.jar
7ff978045000-7ff978046000 r--s 00001000 08:07 2637031                    /home/gyubeom/.gradle/wrapper/dists/gradle-4.4-all/9br9xq1tocpiv8o6njlyu5op1/gradle-4.4/lib/native-platform-linux-amd64-ncurses5-0.14.jar
7ff978046000-7ff978047000 r--s 00001000 08:07 2637032                    /home/gyubeom/.gradle/wrapper/dists/gradle-4.4-all/9br9xq1tocpiv8o6njlyu5op1/gradle-4.4/lib/native-platform-linux-amd64-ncurses6-0.14.jar
7ff978047000-7ff978048000 r--s 00001000 08:07 2637033                    /home/gyubeom/.gradle/wrapper/dists/gradle-4.4-all/9br9xq1tocpiv8o6njlyu5op1/gradle-4.4/lib/native-platform-linux-i386-ncurses5-0.14.jar
7ff978048000-7ff978049000 r--s 00001000 08:07 2637034                    /home/gyubeom/.gradle/wrapper/dists/gradle-4.4-all/9br9xq1tocpiv8o6njlyu5op1/gradle-4.4/lib/native-platform-linux-i386-ncurses6-0.14.jar
7ff978049000-7ff97804d000 r--s 00012000 08:07 2637015                    /home/gyubeom/.gradle/wrapper/dists/gradle-4.4-all/9br9xq1tocpiv8o6njlyu5op1/gradle-4.4/lib/native-platform-0.14.jar
7ff97804d000-7ff978050000 r--s 0000c000 08:07 2636991                    /home/gyubeom/.gradle/wrapper/dists/gradle-4.4-all/9br9xq1tocpiv8o6njlyu5op1/gradle-4.4/lib/gradle-native-4.4.jar
7ff978050000-7ff978052000 r--s 0000f000 08:07 2637000                    /home/gyubeom/.gradle/wrapper/dists/gradle-4.4-all/9br9xq1tocpiv8o6njlyu5op1/gradle-4.4/lib/reflectasm-1.07-shaded.jar
7ff978052000-7ff978054000 r--s 00000000 08:07 2637035                    /home/gyubeom/.gradle/wrapper/dists/gradle-4.4-all/9br9xq1tocpiv8o6njlyu5op1/gradle-4.4/lib/minlog-1.2.jar
7ff978054000-7ff978056000 r--s 00007000 08:07 2637036                    /home/gyubeom/.gradle/wrapper/dists/gradle-4.4-all/9br9xq1tocpiv8o6njlyu5op1/gradle-4.4/lib/objenesis-1.2.jar
7ff978056000-7ff97805a000 r--s 00026000 08:07 2636999                    /home/gyubeom/.gradle/wrapper/dists/gradle-4.4-all/9br9xq1tocpiv8o6njlyu5op1/gradle-4.4/lib/kryo-2.20.jar
7ff97805a000-7ff978060000 r--s 0002b000 08:07 2636995                    /home/gyubeom/.gradle/wrapper/dists/gradle-4.4-all/9br9xq1tocpiv8o6njlyu5op1/gradle-4.4/lib/gradle-messaging-4.4.jar
7ff978060000-7ff978062000 r--s 00006000 08:07 2636988                    /home/gyubeom/.gradle/wrapper/dists/gradle-4.4-all/9br9xq1tocpiv8o6njlyu5op1/gradle-4.4/lib/gradle-process-services-4.4.jar
7ff978062000-7ff978064000 r--s 00000000 08:07 2636984                    /home/gyubeom/.gradle/wrapper/dists/gradle-4.4-all/9br9xq1tocpiv8o6njlyu5op1/gradle-4.4/lib/gradle-jvm-services-4.4.jar
7ff978064000-7ff978065000 r--s 00000000 08:07 2637010                    /home/gyubeom/.gradle/wrapper/dists/gradle-4.4-all/9br9xq1tocpiv8o6njlyu5op1/gradle-4.4/lib/jcip-annotations-1.0.jar
7ff978065000-7ff97806a000 r--s 00041000 08:07 2637009                    /home/gyubeom/.gradle/wrapper/dists/gradle-4.4-all/9br9xq1tocpiv8o6njlyu5op1/gradle-4.4/lib/commons-lang-2.6.jar
7ff97806a000-7ff978092000 r--s 001cf000 08:07 2637007                    /home/gyubeom/.gradle/wrapper/dists/gradle-4.4-all/9br9xq1tocpiv8o6njlyu5op1/gradle-4.4/lib/guava-jdk5-17.0.jar
7ff978092000-7ff978096000 r--s 00027000 08:07 2637002                    /home/gyubeom/.gradle/wrapper/dists/gradle-4.4-all/9br9xq1tocpiv8o6njlyu5op1/gradle-4.4/lib/commons-io-2.2.jar
7ff978096000-7ff9780b5000 r--s 001d5000 08:07 2637012                    /home/gyubeom/.gradle/wrapper/dists/gradle-4.4-all/9br9xq1tocpiv8o6njlyu5op1/gradle-4.4/lib/ant-1.9.9.jar
7ff9780b5000-7ff9780f1000 r--s 00204000 08:07 2636983                    /home/gyubeom/.gradle/wrapper/dists/gradle-4.4-all/9br9xq1tocpiv8o6njlyu5op1/gradle-4.4/lib/gradle-core-4.4.jar
7ff9780f1000-7ff9780f4000 ---p 00000000 00:00 0 
7ff9780f4000-7ff9781f2000 rw-p 00000000 00:00 0 
7ff9781f2000-7ff9781f5000 ---p 00000000 00:00 0 
7ff9781f5000-7ff9782f3000 rw-p 00000000 00:00 0 
7ff9782f3000-7ff9782f6000 ---p 00000000 00:00 0 
7ff9782f6000-7ff9783f4000 rw-p 00000000 00:00 0 
7ff9783f4000-7ff9783f7000 ---p 00000000 00:00 0 
7ff9783f7000-7ff9784f5000 rw-p 00000000 00:00 0 
7ff9784f5000-7ff9784f6000 ---p 00000000 00:00 0 
7ff9784f6000-7ff979000000 rw-p 00000000 00:00 0 
7ff979000000-7ff979480000 rwxp 00000000 00:00 0 
7ff979480000-7ff988000000 ---p 00000000 00:00 0 
7ff988000000-7ff988dd9000 rw-p 00000000 00:00 0 
7ff988dd9000-7ff98c000000 ---p 00000000 00:00 0 
7ff98c000000-7ff98c003000 r--s 00006000 08:07 2637008                    /home/gyubeom/.gradle/wrapper/dists/gradle-4.4-all/9br9xq1tocpiv8o6njlyu5op1/gradle-4.4/lib/jsr305-1.3.9.jar
7ff98c003000-7ff98c5da000 rw-p 00000000 00:00 0 
7ff98c5da000-7ff98c7aa000 r--s 03c46000 08:07 787131                     /home/gyubeom/Downloads/android-studio/jre/jre/lib/rt.jar
7ff98c7aa000-7ff98d320000 rw-p 00000000 00:00 0 
7ff98d320000-7ff98d321000 ---p 00000000 00:00 0 
7ff98d321000-7ff98d421000 rw-p 00000000 00:00 0 
7ff98d421000-7ff98d422000 ---p 00000000 00:00 0 
7ff98d422000-7ff98d522000 rw-p 00000000 00:00 0 
7ff98d522000-7ff98d523000 ---p 00000000 00:00 0 
7ff98d523000-7ff98d623000 rw-p 00000000 00:00 0 
7ff98d623000-7ff98d624000 ---p 00000000 00:00 0 
7ff98d624000-7ff98d74e000 rw-p 00000000 00:00 0 
7ff98d74e000-7ff98d924000 ---p 00000000 00:00 0 
7ff98d924000-7ff98d94e000 rw-p 00000000 00:00 0 
7ff98d94e000-7ff98db24000 ---p 00000000 00:00 0 
7ff98db24000-7ff98db48000 rw-p 00000000 00:00 0 
7ff98db48000-7ff98dc24000 ---p 00000000 00:00 0 
7ff98dc24000-7ff98dc37000 rw-p 00000000 00:00 0 
7ff98dc37000-7ff98dfe5000 ---p 00000000 00:00 0 
7ff98dfe5000-7ff98dfff000 r-xp 00000000 08:07 787090                     /home/gyubeom/Downloads/android-studio/jre/jre/lib/amd64/libzip.so
7ff98dfff000-7ff98e1ff000 ---p 0001a000 08:07 787090                     /home/gyubeom/Downloads/android-studio/jre/jre/lib/amd64/libzip.so
7ff98e1ff000-7ff98e200000 r--p 0001a000 08:07 787090                     /home/gyubeom/Downloads/android-studio/jre/jre/lib/amd64/libzip.so
7ff98e200000-7ff98e201000 rw-p 0001b000 08:07 787090                     /home/gyubeom/Downloads/android-studio/jre/jre/lib/amd64/libzip.so
7ff98e201000-7ff98e20c000 r-xp 00000000 08:07 5636193                    /lib/x86_64-linux-gnu/libnss_files-2.23.so
7ff98e20c000-7ff98e40b000 ---p 0000b000 08:07 5636193                    /lib/x86_64-linux-gnu/libnss_files-2.23.so
7ff98e40b000-7ff98e40c000 r--p 0000a000 08:07 5636193                    /lib/x86_64-linux-gnu/libnss_files-2.23.so
7ff98e40c000-7ff98e40d000 rw-p 0000b000 08:07 5636193                    /lib/x86_64-linux-gnu/libnss_files-2.23.so
7ff98e40d000-7ff98e413000 rw-p 00000000 00:00 0 
7ff98e413000-7ff98e41e000 r-xp 00000000 08:07 5640872                    /lib/x86_64-linux-gnu/libnss_nis-2.23.so
7ff98e41e000-7ff98e61d000 ---p 0000b000 08:07 5640872                    /lib/x86_64-linux-gnu/libnss_nis-2.23.so
7ff98e61d000-7ff98e61e000 r--p 0000a000 08:07 5640872                    /lib/x86_64-linux-gnu/libnss_nis-2.23.so
7ff98e61e000-7ff98e61f000 rw-p 0000b000 08:07 5640872                    /lib/x86_64-linux-gnu/libnss_nis-2.23.so
7ff98e61f000-7ff98e635000 r-xp 00000000 08:07 5636113                    /lib/x86_64-linux-gnu/libnsl-2.23.so
7ff98e635000-7ff98e834000 ---p 00016000 08:07 5636113                    /lib/x86_64-linux-gnu/libnsl-2.23.so
7ff98e834000-7ff98e835000 r--p 00015000 08:07 5636113                    /lib/x86_64-linux-gnu/libnsl-2.23.so
7ff98e835000-7ff98e836000 rw-p 00016000 08:07 5636113                    /lib/x86_64-linux-gnu/libnsl-2.23.so
7ff98e836000-7ff98e838000 rw-p 00000000 00:00 0 
7ff98e838000-7ff98e840000 r-xp 00000000 08:07 5636188                    /lib/x86_64-linux-gnu/libnss_compat-2.23.so
7ff98e840000-7ff98ea3f000 ---p 00008000 08:07 5636188                    /lib/x86_64-linux-gnu/libnss_compat-2.23.so
7ff98ea3f000-7ff98ea40000 r--p 00007000 08:07 5636188                    /lib/x86_64-linux-gnu/libnss_compat-2.23.so
7ff98ea40000-7ff98ea41000 rw-p 00008000 08:07 5636188                    /lib/x86_64-linux-gnu/libnss_compat-2.23.so
7ff98ea41000-7ff98ea6e000 r-xp 00000000 08:07 787098                     /home/gyubeom/Downloads/android-studio/jre/jre/lib/amd64/libjava.so
7ff98ea6e000-7ff98ec6d000 ---p 0002d000 08:07 787098                     /home/gyubeom/Downloads/android-studio/jre/jre/lib/amd64/libjava.so
7ff98ec6d000-7ff98ec6e000 r--p 0002c000 08:07 787098                     /home/gyubeom/Downloads/android-studio/jre/jre/lib/amd64/libjava.so
7ff98ec6e000-7ff98ec70000 rw-p 0002d000 08:07 787098                     /home/gyubeom/Downloads/android-studio/jre/jre/lib/amd64/libjava.so
7ff98ec70000-7ff98ec80000 r-xp 00000000 08:07 787086                     /home/gyubeom/Downloads/android-studio/jre/jre/lib/amd64/libverify.so
7ff98ec80000-7ff98ee7f000 ---p 00010000 08:07 787086                     /home/gyubeom/Downloads/android-studio/jre/jre/lib/amd64/libverify.so
7ff98ee7f000-7ff98ee81000 r--p 0000f000 08:07 787086                     /home/gyubeom/Downloads/android-studio/jre/jre/lib/amd64/libverify.so
7ff98ee81000-7ff98ee82000 rw-p 00011000 08:07 787086                     /home/gyubeom/Downloads/android-studio/jre/jre/lib/amd64/libverify.so
7ff98ee82000-7ff98ee89000 r-xp 00000000 08:07 5640873                    /lib/x86_64-linux-gnu/librt-2.23.so
7ff98ee89000-7ff98f088000 ---p 00007000 08:07 5640873                    /lib/x86_64-linux-gnu/librt-2.23.so
7ff98f088000-7ff98f089000 r--p 00006000 08:07 5640873                    /lib/x86_64-linux-gnu/librt-2.23.so
7ff98f089000-7ff98f08a000 rw-p 00007000 08:07 5640873                    /lib/x86_64-linux-gnu/librt-2.23.so
7ff98f08a000-7ff98f192000 r-xp 00000000 08:07 5636110                    /lib/x86_64-linux-gnu/libm-2.23.so
7ff98f192000-7ff98f391000 ---p 00108000 08:07 5636110                    /lib/x86_64-linux-gnu/libm-2.23.so
7ff98f391000-7ff98f392000 r--p 00107000 08:07 5636110                    /lib/x86_64-linux-gnu/libm-2.23.so
7ff98f392000-7ff98f393000 rw-p 00108000 08:07 5636110                    /lib/x86_64-linux-gnu/libm-2.23.so
7ff98f393000-7ff98ff8f000 r-xp 00000000 08:07 787108                     /home/gyubeom/Downloads/android-studio/jre/jre/lib/amd64/server/libjvm.so
7ff98ff8f000-7ff99018f000 ---p 00bfc000 08:07 787108                     /home/gyubeom/Downloads/android-studio/jre/jre/lib/amd64/server/libjvm.so
7ff99018f000-7ff99022f000 r--p 00bfc000 08:07 787108                     /home/gyubeom/Downloads/android-studio/jre/jre/lib/amd64/server/libjvm.so
7ff99022f000-7ff990258000 rw-p 00c9c000 08:07 787108                     /home/gyubeom/Downloads/android-studio/jre/jre/lib/amd64/server/libjvm.so
7ff990258000-7ff99029c000 rw-p 00000000 00:00 0 
7ff99029c000-7ff9902b4000 r-xp 00000000 08:07 5636179                    /lib/x86_64-linux-gnu/libpthread-2.23.so
7ff9902b4000-7ff9904b3000 ---p 00018000 08:07 5636179                    /lib/x86_64-linux-gnu/libpthread-2.23.so
7ff9904b3000-7ff9904b4000 r--p 00017000 08:07 5636179                    /lib/x86_64-linux-gnu/libpthread-2.23.so
7ff9904b4000-7ff9904b5000 rw-p 00018000 08:07 5636179                    /lib/x86_64-linux-gnu/libpthread-2.23.so
7ff9904b5000-7ff9904b9000 rw-p 00000000 00:00 0 
7ff9904b9000-7ff9904bc000 r-xp 00000000 08:07 5636182                    /lib/x86_64-linux-gnu/libdl-2.23.so
7ff9904bc000-7ff9906bb000 ---p 00003000 08:07 5636182                    /lib/x86_64-linux-gnu/libdl-2.23.so
7ff9906bb000-7ff9906bc000 r--p 00002000 08:07 5636182                    /lib/x86_64-linux-gnu/libdl-2.23.so
7ff9906bc000-7ff9906bd000 rw-p 00003000 08:07 5636182                    /lib/x86_64-linux-gnu/libdl-2.23.so
7ff9906bd000-7ff99087d000 r-xp 00000000 08:07 5636180                    /lib/x86_64-linux-gnu/libc-2.23.so
7ff99087d000-7ff990a7d000 ---p 001c0000 08:07 5636180                    /lib/x86_64-linux-gnu/libc-2.23.so
7ff990a7d000-7ff990a81000 r--p 001c0000 08:07 5636180                    /lib/x86_64-linux-gnu/libc-2.23.so
7ff990a81000-7ff990a83000 rw-p 001c4000 08:07 5636180                    /lib/x86_64-linux-gnu/libc-2.23.so
7ff990a83000-7ff990a87000 rw-p 00000000 00:00 0 
7ff990a87000-7ff990a9d000 r-xp 00000000 08:07 786991                     /home/gyubeom/Downloads/android-studio/jre/lib/amd64/jli/libjli.so
7ff990a9d000-7ff990c9c000 ---p 00016000 08:07 786991                     /home/gyubeom/Downloads/android-studio/jre/lib/amd64/jli/libjli.so
7ff990c9c000-7ff990c9d000 r--p 00015000 08:07 786991                     /home/gyubeom/Downloads/android-studio/jre/lib/amd64/jli/libjli.so
7ff990c9d000-7ff990c9e000 rw-p 00016000 08:07 786991                     /home/gyubeom/Downloads/android-studio/jre/lib/amd64/jli/libjli.so
7ff990c9e000-7ff990cc4000 r-xp 00000000 08:07 5636121                    /lib/x86_64-linux-gnu/ld-2.23.so
7ff990cc4000-7ff990cc5000 r--s 00007000 08:07 2637006                    /home/gyubeom/.gradle/wrapper/dists/gradle-4.4-all/9br9xq1tocpiv8o6njlyu5op1/gradle-4.4/lib/slf4j-api-1.7.10.jar
7ff990cc5000-7ff990ccd000 r--s 000bd000 08:07 2637001                    /home/gyubeom/.gradle/wrapper/dists/gradle-4.4-all/9br9xq1tocpiv8o6njlyu5op1/gradle-4.4/lib/asm-debug-all-6.0_ALPHA.jar
7ff990ccd000-7ff990cce000 r--s 00004000 08:07 2637020                    /home/gyubeom/.gradle/wrapper/dists/gradle-4.4-all/9br9xq1tocpiv8o6njlyu5op1/gradle-4.4/lib/ant-launcher-1.9.9.jar
7ff990cce000-7ff990cda000 r--s 00032000 08:07 2636985                    /home/gyubeom/.gradle/wrapper/dists/gradle-4.4-all/9br9xq1tocpiv8o6njlyu5op1/gradle-4.4/lib/gradle-core-api-4.4.jar
7ff990cda000-7ff990d9c000 rw-p 00000000 00:00 0 
7ff990d9c000-7ff990d9f000 ---p 00000000 00:00 0 
7ff990d9f000-7ff990ea1000 rw-p 00000000 00:00 0 
7ff990ea1000-7ff990eac000 r--s 0005b000 08:07 2636996                    /home/gyubeom/.gradle/wrapper/dists/gradle-4.4-all/9br9xq1tocpiv8o6njlyu5op1/gradle-4.4/lib/gradle-base-services-4.4.jar
7ff990eac000-7ff990eb8000 r--s 0005f000 08:07 2636978                    /home/gyubeom/.gradle/wrapper/dists/gradle-4.4-all/9br9xq1tocpiv8o6njlyu5op1/gradle-4.4/lib/gradle-launcher-4.4.jar
7ff990eb8000-7ff990ec0000 rw-s 00000000 08:07 1074458                    /tmp/hsperfdata_gyubeom/9602
7ff990ec0000-7ff990ec1000 rw-p 00000000 00:00 0 
7ff990ec1000-7ff990ec2000 ---p 00000000 00:00 0 
7ff990ec2000-7ff990ec3000 rw-p 00000000 00:00 0 
7ff990ec3000-7ff990ec4000 r--p 00025000 08:07 5636121                    /lib/x86_64-linux-gnu/ld-2.23.so
7ff990ec4000-7ff990ec5000 rw-p 00026000 08:07 5636121                    /lib/x86_64-linux-gnu/ld-2.23.so
7ff990ec5000-7ff990ec6000 rw-p 00000000 00:00 0 
7ffde2782000-7ffde27a3000 rw-p 00000000 00:00 0                          [stack]
7ffde27b5000-7ffde27b8000 r--p 00000000 00:00 0                          [vvar]
7ffde27b8000-7ffde27ba000 r-xp 00000000 00:00 0                          [vdso]
ffffffffff600000-ffffffffff601000 r-xp 00000000 00:00 0                  [vsyscall]

VM Arguments:
jvm_args: -Xmx1536m -Dfile.encoding=UTF-8 -Duser.country=US -Duser.language=en -Duser.variant 
java_command: org.gradle.launcher.daemon.bootstrap.GradleDaemon 4.4
java_class_path (initial): /home/gyubeom/.gradle/wrapper/dists/gradle-4.4-all/9br9xq1tocpiv8o6njlyu5op1/gradle-4.4/lib/gradle-launcher-4.4.jar
Launcher Type: SUN_STANDARD

Environment Variables:
PATH=/home/gyubeom/bin:/home/gyubeom/.local/bin:/usr/local/sbin:/usr/local/bin:/usr/sbin:/usr/bin:/sbin:/bin:/usr/games:/usr/local/games:/snap/bin
SHELL=/bin/bash
DISPLAY=:0

Signal Handlers:
SIGSEGV: [libjvm.so+0x9edb30], sa_mask[0]=11111111011111111101111111111110, sa_flags=SA_RESTART|SA_SIGINFO
SIGBUS: [libjvm.so+0x9edb30], sa_mask[0]=11111111011111111101111111111110, sa_flags=SA_RESTART|SA_SIGINFO
SIGFPE: [libjvm.so+0x84e800], sa_mask[0]=11111111011111111101111111111110, sa_flags=SA_RESTART|SA_SIGINFO
SIGPIPE: [libjvm.so+0x84e800], sa_mask[0]=11111111011111111101111111111110, sa_flags=SA_RESTART|SA_SIGINFO
SIGXFSZ: [libjvm.so+0x84e800], sa_mask[0]=11111111011111111101111111111110, sa_flags=SA_RESTART|SA_SIGINFO
SIGILL: [libjvm.so+0x84e800], sa_mask[0]=11111111011111111101111111111110, sa_flags=SA_RESTART|SA_SIGINFO
SIGUSR1: SIG_DFL, sa_mask[0]=00000000000000000000000000000000, sa_flags=none
SIGUSR2: [libjvm.so+0x84e6d0], sa_mask[0]=00100000000000000000000000000000, sa_flags=SA_RESTART|SA_SIGINFO
SIGHUP: [libjvm.so+0x84e8c0], sa_mask[0]=11111111011111111101111111111110, sa_flags=SA_RESTART|SA_SIGINFO
SIGINT: [libjvm.so+0x84e8c0], sa_mask[0]=11111111011111111101111111111110, sa_flags=SA_RESTART|SA_SIGINFO
SIGTERM: [libjvm.so+0x84e8c0], sa_mask[0]=11111111011111111101111111111110, sa_flags=SA_RESTART|SA_SIGINFO
SIGQUIT: [libjvm.so+0x84e8c0], sa_mask[0]=11111111011111111101111111111110, sa_flags=SA_RESTART|SA_SIGINFO


---------------  S Y S T E M  ---------------

OS:DISTRIB_ID=Ubuntu
DISTRIB_RELEASE=16.04
DISTRIB_CODENAME=xenial
DISTRIB_DESCRIPTION="Ubuntu 16.04.4 LTS"

uname:Linux 4.13.0-39-generic #44~16.04.1-Ubuntu SMP Thu Apr 5 16:43:10 UTC 2018 x86_64
libc:glibc 2.23 NPTL 2.23 
rlimit: STACK 8192k, CORE 0k, NPROC 30953, NOFILE 1048576, AS infinity
load average:0.93 0.90 1.16

/proc/meminfo:
MemTotal:        8076964 kB
MemFree:          109256 kB
MemAvailable:      13196 kB
Buffers:            1436 kB
Cached:          2313836 kB
SwapCached:            0 kB
Active:          5376348 kB
Inactive:        2295716 kB
Active(anon):    5370052 kB
Inactive(anon):  2290152 kB
Active(file):       6296 kB
Inactive(file):     5564 kB
Unevictable:         440 kB
Mlocked:             440 kB
SwapTotal:             0 kB
SwapFree:              0 kB
Dirty:               620 kB
Writeback:             0 kB
AnonPages:       5357472 kB
Mapped:           605120 kB
Shmem:           2303200 kB
Slab:             127344 kB
SReclaimable:      66844 kB
SUnreclaim:        60500 kB
KernelStack:       15104 kB
PageTables:        71372 kB
NFS_Unstable:          0 kB
Bounce:                0 kB
WritebackTmp:          0 kB
CommitLimit:     4038480 kB
Committed_AS:   15831804 kB
VmallocTotal:   34359738367 kB
VmallocUsed:           0 kB
VmallocChunk:          0 kB
HardwareCorrupted:     0 kB
AnonHugePages:         0 kB
ShmemHugePages:        0 kB
ShmemPmdMapped:        0 kB
CmaTotal:              0 kB
CmaFree:               0 kB
HugePages_Total:       0
HugePages_Free:        0
HugePages_Rsvd:        0
HugePages_Surp:        0
Hugepagesize:       2048 kB
DirectMap4k:      213456 kB
DirectMap2M:     7034880 kB
DirectMap1G:     1048576 kB


CPU:total 4 (initial active 4) (2 cores per cpu, 2 threads per core) family 6 model 142 stepping 9, cmov, cx8, fxsr, mmx, sse, sse2, sse3, ssse3, sse4.1, sse4.2, popcnt, avx, avx2, aes, clmul, erms, 3dnowpref, lzcnt, ht, tsc, tscinvbit, bmi1, bmi2, adx

/proc/cpuinfo:
processor	: 0
vendor_id	: GenuineIntel
cpu family	: 6
model		: 142
model name	: Intel(R) Core(TM) i3-7100U CPU @ 2.40GHz
stepping	: 9
microcode	: 0x84
cpu MHz		: 2400.001
cache size	: 3072 KB
physical id	: 0
siblings	: 4
core id		: 0
cpu cores	: 2
apicid		: 0
initial apicid	: 0
fpu		: yes
fpu_exception	: yes
cpuid level	: 22
wp		: yes
flags		: fpu vme de pse tsc msr pae mce cx8 apic sep mtrr pge mca cmov pat pse36 clflush dts acpi mmx fxsr sse sse2 ss ht tm pbe syscall nx pdpe1gb rdtscp lm constant_tsc art arch_perfmon pebs bts rep_good nopl xtopology nonstop_tsc cpuid aperfmperf tsc_known_freq pni pclmulqdq dtes64 monitor ds_cpl vmx est tm2 ssse3 sdbg fma cx16 xtpr pdcm pcid sse4_1 sse4_2 x2apic movbe popcnt tsc_deadline_timer aes xsave avx f16c rdrand lahf_lm abm 3dnowprefetch cpuid_fault epb invpcid_single pti retpoline intel_pt rsb_ctxsw spec_ctrl tpr_shadow vnmi flexpriority ept vpid fsgsbase tsc_adjust bmi1 avx2 smep bmi2 erms invpcid mpx rdseed adx smap clflushopt xsaveopt xsavec xgetbv1 xsaves dtherm arat pln pts hwp hwp_notify hwp_act_window hwp_epp
bugs		: cpu_meltdown spectre_v1 spectre_v2
bogomips	: 4800.00
clflush size	: 64
cache_alignment	: 64
address sizes	: 39 bits physical, 48 bits virtual
power management:

processor	: 1
vendor_id	: GenuineIntel
cpu family	: 6
model		: 142
model name	: Intel(R) Core(TM) i3-7100U CPU @ 2.40GHz
stepping	: 9
microcode	: 0x84
cpu MHz		: 2399.999
cache size	: 3072 KB
physical id	: 0
siblings	: 4
core id		: 1
cpu cores	: 2
apicid		: 2
initial apicid	: 2
fpu		: yes
fpu_exception	: yes
cpuid level	: 22
wp		: yes
flags		: fpu vme de pse tsc msr pae mce cx8 apic sep mtrr pge mca cmov pat pse36 clflush dts acpi mmx fxsr sse sse2 ss ht tm pbe syscall nx pdpe1gb rdtscp lm constant_tsc art arch_perfmon pebs bts rep_good nopl xtopology nonstop_tsc cpuid aperfmperf tsc_known_freq pni pclmulqdq dtes64 monitor ds_cpl vmx est tm2 ssse3 sdbg fma cx16 xtpr pdcm pcid sse4_1 sse4_2 x2apic movbe popcnt tsc_deadline_timer aes xsave avx f16c rdrand lahf_lm abm 3dnowprefetch cpuid_fault epb invpcid_single pti retpoline intel_pt rsb_ctxsw spec_ctrl tpr_shadow vnmi flexpriority ept vpid fsgsbase tsc_adjust bmi1 avx2 smep bmi2 erms invpcid mpx rdseed adx smap clflushopt xsaveopt xsavec xgetbv1 xsaves dtherm arat pln pts hwp hwp_notify hwp_act_window hwp_epp
bugs		: cpu_meltdown spectre_v1 spectre_v2
bogomips	: 4800.00
clflush size	: 64
cache_alignment	: 64
address sizes	: 39 bits physical, 48 bits virtual
power management:

processor	: 2
vendor_id	: GenuineIntel
cpu family	: 6
model		: 142
model name	: Intel(R) Core(TM) i3-7100U CPU @ 2.40GHz
stepping	: 9
microcode	: 0x84
cpu MHz		: 2400.045
cache size	: 3072 KB
physical id	: 0
siblings	: 4
core id		: 0
cpu cores	: 2
apicid		: 1
initial apicid	: 1
fpu		: yes
fpu_exception	: yes
cpuid level	: 22
wp		: yes
flags		: fpu vme de pse tsc msr pae mce cx8 apic sep mtrr pge mca cmov pat pse36 clflush dts acpi mmx fxsr sse sse2 ss ht tm pbe syscall nx pdpe1gb rdtscp lm constant_tsc art arch_perfmon pebs bts rep_good nopl xtopology nonstop_tsc cpuid aperfmperf tsc_known_freq pni pclmulqdq dtes64 monitor ds_cpl vmx est tm2 ssse3 sdbg fma cx16 xtpr pdcm pcid sse4_1 sse4_2 x2apic movbe popcnt tsc_deadline_timer aes xsave avx f16c rdrand lahf_lm abm 3dnowprefetch cpuid_fault epb invpcid_single pti retpoline intel_pt rsb_ctxsw spec_ctrl tpr_shadow vnmi flexpriority ept vpid fsgsbase tsc_adjust bmi1 avx2 smep bmi2 erms invpcid mpx rdseed adx smap clflushopt xsaveopt xsavec xgetbv1 xsaves dtherm arat pln pts hwp hwp_notify hwp_act_window hwp_epp
bugs		: cpu_meltdown spectre_v1 spectre_v2
bogomips	: 4800.00
clflush size	: 64
cache_alignment	: 64
address sizes	: 39 bits physical, 48 bits virtual
power management:

processor	: 3
vendor_id	: GenuineIntel
cpu family	: 6
model		: 142
model name	: Intel(R) Core(TM) i3-7100U CPU @ 2.40GHz
stepping	: 9
microcode	: 0x84
cpu MHz		: 2400.001
cache size	: 3072 KB
physical id	: 0
siblings	: 4
core id		: 1
cpu cores	: 2
apicid		: 3
initial apicid	: 3
fpu		: yes
fpu_exception	: yes
cpuid level	: 22
wp		: yes
flags		: fpu vme de pse tsc msr pae mce cx8 apic sep mtrr pge mca cmov pat pse36 clflush dts acpi mmx fxsr sse sse2 ss ht tm pbe syscall nx pdpe1gb rdtscp lm constant_tsc art arch_perfmon pebs bts rep_good nopl xtopology nonstop_tsc cpuid aperfmperf tsc_known_freq pni pclmulqdq dtes64 monitor ds_cpl vmx est tm2 ssse3 sdbg fma cx16 xtpr pdcm pcid sse4_1 sse4_2 x2apic movbe popcnt tsc_deadline_timer aes xsave avx f16c rdrand lahf_lm abm 3dnowprefetch cpuid_fault epb invpcid_single pti retpoline intel_pt rsb_ctxsw spec_ctrl tpr_shadow vnmi flexpriority ept vpid fsgsbase tsc_adjust bmi1 avx2 smep bmi2 erms invpcid mpx rdseed adx smap clflushopt xsaveopt xsavec xgetbv1 xsaves dtherm arat pln pts hwp hwp_notify hwp_act_window hwp_epp
bugs		: cpu_meltdown spectre_v1 spectre_v2
bogomips	: 4800.00
clflush size	: 64
cache_alignment	: 64
address sizes	: 39 bits physical, 48 bits virtual
power management:



Memory: 4k page, physical 8076964k(112444k free), swap 0k(0k free)

vm_info: OpenJDK 64-Bit Server VM (25.152-b01) for linux-amd64 JRE (1.8.0_152-release-1024-b01), built by "builder" with gcc 4.8.4

time: Thu May 10 18:25:49 2018
elapsed time: 2 seconds (0d 0h 0m 2s)

